#
# A fatal error has been detected by the Java Runtime Environment:
#
#  EXCEPTION_ACCESS_VIOLATION (0xc0000005) at pc=0x00007ff877e1fa7a, pid=20336, tid=20272
#
# JRE version: OpenJDK Runtime Environment Temurin-17.0.4+8 (17.0.4+8) (build 17.0.4+8)
# Java VM: OpenJDK 64-Bit Server VM Temurin-17.0.4+8 (17.0.4+8, mixed mode, tiered, compressed oops, compressed class ptrs, g1 gc, windows-amd64)
# Problematic frame:
# V  [jvm.dll+0x79fa7a]
#
# No core dump will be written. Minidumps are not enabled by default on client versions of Windows
#
# If you would like to submit a bug report, please visit:
#   https://github.com/adoptium/adoptium-support/issues
#

---------------  S U M M A R Y ------------

Command Line: -XX:+ShowCodeDetailsInExceptionMessages -agentlib:jdwp=transport=dt_socket,suspend=y,address=localhost:52929 -ea -javaagent:C:\Users\andyl\eclipse\java-2022-06\eclipse\configuration\org.eclipse.osgi\215\0\.cp\lib\javaagent-shaded.jar -Dfile.encoding=UTF-8 org.eclipse.jdt.internal.junit.runner.RemoteTestRunner -version 3 -port 52928 -testLoaderClass org.eclipse.jdt.internal.junit.runner.junit3.JUnit3TestLoader -loaderpluginname org.eclipse.jdt.junit.runtime -classNames TestMoney

Host: Intel(R) Core(TM) i3-8145U CPU @ 2.10GHz, 4 cores, 7G,  Windows 11 , 64 bit Build 22000 (10.0.22000.1335)
Time: Sat Jan 28 17:55:07 2023 Central Standard Time elapsed time: 2432.209605 seconds (0d 0h 40m 32s)

---------------  T H R E A D  ---------------

Current thread (0x000001f962b45270):  JavaThread "JDWP Transport Listener: dt_socket" daemon [_thread_in_vm, id=20272, stack(0x000000095b400000,0x000000095b500000)]

Stack: [0x000000095b400000,0x000000095b500000],  sp=0x000000095b4ff8d0,  free space=1022k
Native frames: (J=compiled Java code, j=interpreted, Vv=VM code, C=native code)
V  [jvm.dll+0x79fa7a]
V  [jvm.dll+0x50963c]
V  [jvm.dll+0x4d0ca4]
C  [jdwp.dll+0x22f7b]


siginfo: EXCEPTION_ACCESS_VIOLATION (0xc0000005), reading address 0x0000000000630066


Register to memory mapping:

RIP=0x00007ff877e1fa7a jvm.dll
RAX=0x0000000000000066 is an unknown value
RBX=0x000001f961f94f46 points into unknown readable memory: 77 6d
RCX=0x0000000000630062 is an unknown value
RDX=0x000001f96328d320 points into unknown readable memory: 0x6d77752f7564654c | 4c 65 64 75 2f 75 77 6d
RSP=0x000000095b4ff8d0 is pointing into the stack for thread: 0x000001f962b45270
RBP=0x000001f962b64d40 points into unknown readable memory: 0x0043005000000002 | 02 00 00 00 50 00 43 00
RSI=0x0 is NULL
RDI=0xffffffffffffffff is an unknown value
R8 =0x0000000000000390 is an unknown value
R9 =0x0000000000000040 is an unknown value
R10=0x0000000000000380 is an unknown value
R11=0x000000095b4ff8f0 is pointing into the stack for thread: 0x000001f962b45270
R12=0x000000095b4ffa28 is pointing into the stack for thread: 0x000001f962b45270
R13=0x0 is NULL
R14=0x000000010010e3c0 is a pointer to class: 
edu.uwm.cs351.Money {0x000000010010e3c8}
 - instance size:     3
 - klass size:        77
 - access:            public synchronized 
 - state:             fully_initialized
 - name:              'edu/uwm/cs351/Money'
 - super:             'java/lang/Object'
 - sub:               
 - arrays:            NULL
 - methods:           Array<T>(0x000001f963c75140)
 - method ordering:   Array<T>(0x000001f963c75678)
 - default_methods:   Array<T>(0x0000000000000000)
 - local interfaces:  Array<T>(0x000001f963c750f8)
 - trans. interfaces: Array<T>(0x000001f963c750f8)
 - constants:         constant pool [108] {0x000001f963c74d20} for 'edu/uwm/cs351/Money' cache=0x000001f963e043d0
 - class loader data:  loader data: 0x000001f962a15410 for instance a 'jdk/internal/loader/ClassLoaders$AppClassLoader'{0x0000000089d9ad80}
 - source file:       'Money.java'
 - source debug extension:       SMAP
Money.java
Java
*S jdt
*F
1 Money.java
2 file:/C:/Users/andyl/git/homework-1-AndrewAlien/bin/
*L
*E

 - class annotations:       Array<T>(0x0000000000000000)
 - class type annotations:  Array<T>(0x0000000000000000)
 - field annotations:       Array<T>(0x0000000000000000)
 - field type annotations:  Array<T>(0x0000000000000000)
 - generic signature: '
[error occurred during error reporting (printing register info), id 0xc0000005, EXCEPTION_ACCESS_VIOLATION (0xc0000005) at pc=0x00007ff877e20686]

Registers:
RAX=0x0000000000000066, RBX=0x000001f961f94f46, RCX=0x0000000000630062, RDX=0x000001f96328d320
RSP=0x000000095b4ff8d0, RBP=0x000001f962b64d40, RSI=0x0000000000000000, RDI=0xffffffffffffffff
R8 =0x0000000000000390, R9 =0x0000000000000040, R10=0x0000000000000380, R11=0x000000095b4ff8f0
R12=0x000000095b4ffa28, R13=0x0000000000000000, R14=0x000000010010e3c0, R15=0x000000095b4ffa50
RIP=0x00007ff877e1fa7a, EFLAGS=0x0000000000010202

Top of Stack: (sp=0x000000095b4ff8d0)
0x000000095b4ff8d0:   0000000000000013 000000010010e3c0
0x000000095b4ff8e0:   000001f962cf6970 00007ff9042c76e1
0x000000095b4ff8f0:   ffffffffffffffff 00007ff877b8963c
0x000000095b4ff900:   000001f961f94f46 000001f961f94f30
0x000000095b4ff910:   000001f962b64d40 0000000000000000
0x000000095b4ff920:   000001f961f94f00 00000000000003d8
0x000000095b4ff930:   000001f961f94f10 000001f961f952e8
0x000000095b4ff940:   0000000000002f01 000000095b4ffa28
0x000000095b4ff950:   0000000000000007 000001f962b45518
0x000000095b4ff960:   00000000895c41b0 00007ff877b50ca4
0x000000095b4ff970:   000001f962b45270 000000095b4ffa50
0x000000095b4ff980:   000001f9488758e0 000000095b4ffa50
0x000000095b4ff990:   000001f962b45270 0000000000000000
0x000000095b4ff9a0:   0000000000000000 0000000000000000
0x000000095b4ff9b0:   000001f962b46c58 00007ff8e3382f7b
0x000000095b4ff9c0:   000000095b4ffa48 00007ff8e3391600 

Instructions: (pc=0x00007ff877e1fa7a)
0x00007ff877e1f97a:   48 83 c4 20 5f e9 6c 69 90 ff cc cc cc cc cc cc
0x00007ff877e1f98a:   cc cc cc cc cc cc 48 89 5c 24 08 57 48 83 ec 20
0x00007ff877e1f99a:   83 fa 02 8d 42 06 b9 08 00 00 00 49 8b d8 0f 4e
0x00007ff877e1f9aa:   c1 48 63 c8 48 83 c1 07 83 e1 f8 48 63 f9 49 8b
0x00007ff877e1f9ba:   48 18 48 8b c7 48 f7 d0 48 3b c1 73 16 4c 8d 05
0x00007ff877e1f9ca:   6a 58 17 00 48 8b d7 48 8b cb e8 77 cc 90 ff 48
0x00007ff877e1f9da:   8b 4b 18 48 8d 04 39 48 3b 43 20 76 18 45 33 c0
0x00007ff877e1f9ea:   48 8b d7 48 8b cb 48 8b 5c 24 30 48 83 c4 20 5f
0x00007ff877e1f9fa:   e9 d1 c8 90 ff 48 89 43 18 48 8b c1 48 8b 5c 24
0x00007ff877e1fa0a:   30 48 83 c4 20 5f c3 cc cc cc cc cc cc cc cc cc
0x00007ff877e1fa1a:   cc cc cc cc cc cc 4c 8b d2 4c 8b d9 45 85 c0 7e
0x00007ff877e1fa2a:   3c 44 0f b7 49 04 41 8d 40 ff 41 3b c1 44 0f 4c
0x00007ff877e1fa3a:   c8 4d 63 c1 45 85 c9 7e 1f 48 8b c2 4c 2b da 49
0x00007ff877e1fa4a:   8b d0 0f 1f 40 00 41 0f b6 4c 03 06 88 08 48 8d
0x00007ff877e1fa5a:   40 01 48 83 ea 01 75 ee 43 c6 04 10 00 49 8b c2
0x00007ff877e1fa6a:   c3 cc cc cc cc cc 48 89 5c 24 08 57 48 83 ec 20
0x00007ff877e1fa7a:   0f b7 59 04 48 8b f9 33 d2 48 8d 4b 01 e8 c4 d9
0x00007ff877e1fa8a:   f2 ff 0f b7 57 04 4c 8b c0 3b da 0f 42 d3 44 8b
0x00007ff877e1fa9a:   ca 85 d2 74 39 48 2b f8 0f 1f 40 00 66 66 0f 1f
0x00007ff877e1faaa:   84 00 00 00 00 00 0f b6 4c 07 06 88 08 48 ff c0
0x00007ff877e1faba:   48 8b c8 49 2b c8 49 3b c9 7c eb 42 c6 04 02 00
0x00007ff877e1faca:   49 8b c0 48 8b 5c 24 30 48 83 c4 20 5f c3 48 8b
0x00007ff877e1fada:   5c 24 30 c6 04 02 00 48 83 c4 20 5f c3 cc cc cc
0x00007ff877e1faea:   cc cc cc cc cc cc 4c 8b d1 45 85 c0 7e 6c 44 0f
0x00007ff877e1fafa:   b7 49 04 41 8d 40 ff 41 3b c1 44 0f 4c c8 4d 63
0x00007ff877e1fb0a:   d9 45 85 c9 7e 22 48 8b ca 4c 2b d2 4d 8b c3 0f
0x00007ff877e1fb1a:   1f 80 00 00 00 00 41 0f b6 44 0a 06 88 01 48 8d
0x00007ff877e1fb2a:   49 01 49 83 e8 01 75 ee 41 c6 04 13 00 48 c7 c0
0x00007ff877e1fb3a:   ff ff ff ff 66 90 48 ff c0 80 3c 02 00 75 f7 48
0x00007ff877e1fb4a:   63 c8 85 c0 48 8b c2 7e 14 80 38 2f 75 03 c6 00
0x00007ff877e1fb5a:   2e 48 ff c0 48 83 e9 01 75 ef 48 8b c2 c3 cc cc
0x00007ff877e1fb6a:   cc cc cc cc cc cc 48 83 ec 28 e8 f7 fe ff ff 4c 


Stack slot to memory mapping:
stack at sp + 0 slots: 0x0000000000000013 is an unknown value
stack at sp + 1 slots: 0x000000010010e3c0 is a pointer to class: 
edu.uwm.cs351.Money {0x000000010010e3c8}
 - instance size:     3
 - klass size:        77
 - access:            public synchronized 
 - state:             fully_initialized
 - name:              'edu/uwm/cs351/Money'
 - super:             'java/lang/Object'
 - sub:               
 - arrays:            NULL
 - methods:           Array<T>(0x000001f963c75140)
 - method ordering:   Array<T>(0x000001f963c75678)
 - default_methods:   Array<T>(0x0000000000000000)
 - local interfaces:  Array<T>(0x000001f963c750f8)
 - trans. interfaces: Array<T>(0x000001f963c750f8)
 - constants:         constant pool [108] {0x000001f963c74d20} for 'edu/uwm/cs351/Money' cache=0x000001f963e043d0
 - class loader data:  loader data: 0x000001f962a15410 for instance a 'jdk/internal/loader/ClassLoaders$AppClassLoader'{0x0000000089d9ad80}
 - source file:       'Money.java'
 - source debug extension:       SMAP
Money.java
Java
*S jdt
*F
1 Money.java
2 file:/C:/Users/andyl/git/homework-1-AndrewAlien/bin/
*L
*E

 - class annotations:       Array<T>(0x0000000000000000)
 - class type annotations:  Array<T>(0x0000000000000000)
 - field annotations:       Array<T>(0x0000000000000000)
 - field type annotations:  Array<T>(0x0000000000000000)
 - generic signature: '
[error occurred during error reporting (inspecting top of stack), id 0xc0000005, EXCEPTION_ACCESS_VIOLATION (0xc0000005) at pc=0x00007ff877e20686]


---------------  P R O C E S S  ---------------

Threads class SMR info:
_java_thread_list=0x000001f962b74c00, length=15, elements={
0x000001f948887270, 0x000001f961f3a030, 0x000001f961f3abe0, 0x000001f961f8d010,
0x000001f961f8d8d0, 0x000001f961f8e280, 0x000001f961f92130, 0x000001f961f92e10,
0x000001f961f954d0, 0x000001f961f969f0, 0x000001f962a45c50, 0x000001f962b45270,
0x000001f962c224f0, 0x000001f962c2c5a0, 0x000001f9630f4980
}

Java Threads: ( => current thread )
  0x000001f948887270 JavaThread "main" [_thread_blocked, id=9564, stack(0x000000095a300000,0x000000095a400000)]
  0x000001f961f3a030 JavaThread "Reference Handler" daemon [_thread_blocked, id=7604, stack(0x000000095aa00000,0x000000095ab00000)]
  0x000001f961f3abe0 JavaThread "Finalizer" daemon [_thread_blocked, id=8144, stack(0x000000095ab00000,0x000000095ac00000)]
  0x000001f961f8d010 JavaThread "Signal Dispatcher" daemon [_thread_blocked, id=22432, stack(0x000000095ac00000,0x000000095ad00000)]
  0x000001f961f8d8d0 JavaThread "Attach Listener" daemon [_thread_blocked, id=27460, stack(0x000000095ad00000,0x000000095ae00000)]
  0x000001f961f8e280 JavaThread "Service Thread" daemon [_thread_blocked, id=19620, stack(0x000000095ae00000,0x000000095af00000)]
  0x000001f961f92130 JavaThread "Monitor Deflation Thread" daemon [_thread_blocked, id=14276, stack(0x000000095af00000,0x000000095b000000)]
  0x000001f961f92e10 JavaThread "C2 CompilerThread0" daemon [_thread_blocked, id=25940, stack(0x000000095b000000,0x000000095b100000)]
  0x000001f961f954d0 JavaThread "C1 CompilerThread0" daemon [_thread_blocked, id=17012, stack(0x000000095b100000,0x000000095b200000)]
  0x000001f961f969f0 JavaThread "Sweeper thread" daemon [_thread_blocked, id=17848, stack(0x000000095b200000,0x000000095b300000)]
  0x000001f962a45c50 JavaThread "Common-Cleaner" daemon [_thread_blocked, id=19764, stack(0x000000095b300000,0x000000095b400000)]
=>0x000001f962b45270 JavaThread "JDWP Transport Listener: dt_socket" daemon [_thread_in_vm, id=20272, stack(0x000000095b400000,0x000000095b500000)]
  0x000001f962c224f0 JavaThread "JDWP Event Helper Thread" daemon [_thread_blocked, id=7252, stack(0x000000095b500000,0x000000095b600000)]
  0x000001f962c2c5a0 JavaThread "JDWP Command Reader" daemon [_thread_in_native, id=26784, stack(0x000000095b600000,0x000000095b700000)]
  0x000001f9630f4980 JavaThread "Notification Thread" daemon [_thread_blocked, id=15820, stack(0x000000095b700000,0x000000095b800000)]

Other Threads:
  0x000001f961f69740 VMThread "VM Thread" [stack: 0x000000095a900000,0x000000095aa00000] [id=19856]
  0x000001f9488fd410 WatcherThread [stack: 0x000000095b800000,0x000000095b900000] [id=19880]
  0x000001f9466be7b0 GCTaskThread "GC Thread#0" [stack: 0x000000095a400000,0x000000095a500000] [id=20440]
  0x000001f9488eccf0 ConcurrentGCThread "G1 Main Marker" [stack: 0x000000095a500000,0x000000095a600000] [id=7192]
  0x000001f9488ed710 ConcurrentGCThread "G1 Conc#0" [stack: 0x000000095a600000,0x000000095a700000] [id=12240]
  0x000001f961db0090 ConcurrentGCThread "G1 Refine#0" [stack: 0x000000095a700000,0x000000095a800000] [id=21252]
  0x000001f961db0950 ConcurrentGCThread "G1 Service" [stack: 0x000000095a800000,0x000000095a900000] [id=16232]

Threads with active compile tasks:

VM state: not at safepoint (normal execution)

VM Mutex/Monitor currently owned by a thread: None

Heap address: 0x0000000081e00000, size: 2018 MB, Compressed Oops mode: 32-bit

CDS archive(s) not mapped
Compressed class space mapped at: 0x0000000100000000-0x0000000140000000, reserved size: 1073741824
Narrow klass base: 0x0000000000000000, Narrow klass shift: 3, Narrow klass range: 0x140000000

GC Precious Log:
 CPUs: 4 total, 4 available
 Memory: 8069M
 Large Page Support: Disabled
 NUMA Support: Disabled
 Compressed Oops: Enabled (32-bit)
 Heap Region Size: 1M
 Heap Min Capacity: 8M
 Heap Initial Capacity: 128M
 Heap Max Capacity: 2018M
 Pre-touch: Disabled
 Parallel Workers: 4
 Concurrent Workers: 1
 Concurrent Refinement Workers: 4
 Periodic GC: Disabled

Heap:
 garbage-first heap   total 131072K, used 10240K [0x0000000081e00000, 0x0000000100000000)
  region size 1024K, 11 young (11264K), 0 survivors (0K)
 Metaspace       used 10855K, committed 10944K, reserved 1064960K
  class space    used 961K, committed 1024K, reserved 1048576K

Heap Regions: E=young(eden), S=young(survivor), O=old, HS=humongous(starts), HC=humongous(continues), CS=collection set, F=free, OA=open archive, CA=closed archive, TAMS=top-at-mark-start (previous, next)
|   0|0x0000000081e00000, 0x0000000081e00000, 0x0000000081f00000|  0%| F|  |TAMS 0x0000000081e00000, 0x0000000081e00000| Untracked 
|   1|0x0000000081f00000, 0x0000000081f00000, 0x0000000082000000|  0%| F|  |TAMS 0x0000000081f00000, 0x0000000081f00000| Untracked 
|   2|0x0000000082000000, 0x0000000082000000, 0x0000000082100000|  0%| F|  |TAMS 0x0000000082000000, 0x0000000082000000| Untracked 
|   3|0x0000000082100000, 0x0000000082100000, 0x0000000082200000|  0%| F|  |TAMS 0x0000000082100000, 0x0000000082100000| Untracked 
|   4|0x0000000082200000, 0x0000000082200000, 0x0000000082300000|  0%| F|  |TAMS 0x0000000082200000, 0x0000000082200000| Untracked 
|   5|0x0000000082300000, 0x0000000082300000, 0x0000000082400000|  0%| F|  |TAMS 0x0000000082300000, 0x0000000082300000| Untracked 
|   6|0x0000000082400000, 0x0000000082400000, 0x0000000082500000|  0%| F|  |TAMS 0x0000000082400000, 0x0000000082400000| Untracked 
|   7|0x0000000082500000, 0x0000000082500000, 0x0000000082600000|  0%| F|  |TAMS 0x0000000082500000, 0x0000000082500000| Untracked 
|   8|0x0000000082600000, 0x0000000082600000, 0x0000000082700000|  0%| F|  |TAMS 0x0000000082600000, 0x0000000082600000| Untracked 
|   9|0x0000000082700000, 0x0000000082700000, 0x0000000082800000|  0%| F|  |TAMS 0x0000000082700000, 0x0000000082700000| Untracked 
|  10|0x0000000082800000, 0x0000000082800000, 0x0000000082900000|  0%| F|  |TAMS 0x0000000082800000, 0x0000000082800000| Untracked 
|  11|0x0000000082900000, 0x0000000082900000, 0x0000000082a00000|  0%| F|  |TAMS 0x0000000082900000, 0x0000000082900000| Untracked 
|  12|0x0000000082a00000, 0x0000000082a00000, 0x0000000082b00000|  0%| F|  |TAMS 0x0000000082a00000, 0x0000000082a00000| Untracked 
|  13|0x0000000082b00000, 0x0000000082b00000, 0x0000000082c00000|  0%| F|  |TAMS 0x0000000082b00000, 0x0000000082b00000| Untracked 
|  14|0x0000000082c00000, 0x0000000082c00000, 0x0000000082d00000|  0%| F|  |TAMS 0x0000000082c00000, 0x0000000082c00000| Untracked 
|  15|0x0000000082d00000, 0x0000000082d00000, 0x0000000082e00000|  0%| F|  |TAMS 0x0000000082d00000, 0x0000000082d00000| Untracked 
|  16|0x0000000082e00000, 0x0000000082e00000, 0x0000000082f00000|  0%| F|  |TAMS 0x0000000082e00000, 0x0000000082e00000| Untracked 
|  17|0x0000000082f00000, 0x0000000082f00000, 0x0000000083000000|  0%| F|  |TAMS 0x0000000082f00000, 0x0000000082f00000| Untracked 
|  18|0x0000000083000000, 0x0000000083000000, 0x0000000083100000|  0%| F|  |TAMS 0x0000000083000000, 0x0000000083000000| Untracked 
|  19|0x0000000083100000, 0x0000000083100000, 0x0000000083200000|  0%| F|  |TAMS 0x0000000083100000, 0x0000000083100000| Untracked 
|  20|0x0000000083200000, 0x0000000083200000, 0x0000000083300000|  0%| F|  |TAMS 0x0000000083200000, 0x0000000083200000| Untracked 
|  21|0x0000000083300000, 0x0000000083300000, 0x0000000083400000|  0%| F|  |TAMS 0x0000000083300000, 0x0000000083300000| Untracked 
|  22|0x0000000083400000, 0x0000000083400000, 0x0000000083500000|  0%| F|  |TAMS 0x0000000083400000, 0x0000000083400000| Untracked 
|  23|0x0000000083500000, 0x0000000083500000, 0x0000000083600000|  0%| F|  |TAMS 0x0000000083500000, 0x0000000083500000| Untracked 
|  24|0x0000000083600000, 0x0000000083600000, 0x0000000083700000|  0%| F|  |TAMS 0x0000000083600000, 0x0000000083600000| Untracked 
|  25|0x0000000083700000, 0x0000000083700000, 0x0000000083800000|  0%| F|  |TAMS 0x0000000083700000, 0x0000000083700000| Untracked 
|  26|0x0000000083800000, 0x0000000083800000, 0x0000000083900000|  0%| F|  |TAMS 0x0000000083800000, 0x0000000083800000| Untracked 
|  27|0x0000000083900000, 0x0000000083900000, 0x0000000083a00000|  0%| F|  |TAMS 0x0000000083900000, 0x0000000083900000| Untracked 
|  28|0x0000000083a00000, 0x0000000083a00000, 0x0000000083b00000|  0%| F|  |TAMS 0x0000000083a00000, 0x0000000083a00000| Untracked 
|  29|0x0000000083b00000, 0x0000000083b00000, 0x0000000083c00000|  0%| F|  |TAMS 0x0000000083b00000, 0x0000000083b00000| Untracked 
|  30|0x0000000083c00000, 0x0000000083c00000, 0x0000000083d00000|  0%| F|  |TAMS 0x0000000083c00000, 0x0000000083c00000| Untracked 
|  31|0x0000000083d00000, 0x0000000083d00000, 0x0000000083e00000|  0%| F|  |TAMS 0x0000000083d00000, 0x0000000083d00000| Untracked 
|  32|0x0000000083e00000, 0x0000000083e00000, 0x0000000083f00000|  0%| F|  |TAMS 0x0000000083e00000, 0x0000000083e00000| Untracked 
|  33|0x0000000083f00000, 0x0000000083f00000, 0x0000000084000000|  0%| F|  |TAMS 0x0000000083f00000, 0x0000000083f00000| Untracked 
|  34|0x0000000084000000, 0x0000000084000000, 0x0000000084100000|  0%| F|  |TAMS 0x0000000084000000, 0x0000000084000000| Untracked 
|  35|0x0000000084100000, 0x0000000084100000, 0x0000000084200000|  0%| F|  |TAMS 0x0000000084100000, 0x0000000084100000| Untracked 
|  36|0x0000000084200000, 0x0000000084200000, 0x0000000084300000|  0%| F|  |TAMS 0x0000000084200000, 0x0000000084200000| Untracked 
|  37|0x0000000084300000, 0x0000000084300000, 0x0000000084400000|  0%| F|  |TAMS 0x0000000084300000, 0x0000000084300000| Untracked 
|  38|0x0000000084400000, 0x0000000084400000, 0x0000000084500000|  0%| F|  |TAMS 0x0000000084400000, 0x0000000084400000| Untracked 
|  39|0x0000000084500000, 0x0000000084500000, 0x0000000084600000|  0%| F|  |TAMS 0x0000000084500000, 0x0000000084500000| Untracked 
|  40|0x0000000084600000, 0x0000000084600000, 0x0000000084700000|  0%| F|  |TAMS 0x0000000084600000, 0x0000000084600000| Untracked 
|  41|0x0000000084700000, 0x0000000084700000, 0x0000000084800000|  0%| F|  |TAMS 0x0000000084700000, 0x0000000084700000| Untracked 
|  42|0x0000000084800000, 0x0000000084800000, 0x0000000084900000|  0%| F|  |TAMS 0x0000000084800000, 0x0000000084800000| Untracked 
|  43|0x0000000084900000, 0x0000000084900000, 0x0000000084a00000|  0%| F|  |TAMS 0x0000000084900000, 0x0000000084900000| Untracked 
|  44|0x0000000084a00000, 0x0000000084a00000, 0x0000000084b00000|  0%| F|  |TAMS 0x0000000084a00000, 0x0000000084a00000| Untracked 
|  45|0x0000000084b00000, 0x0000000084b00000, 0x0000000084c00000|  0%| F|  |TAMS 0x0000000084b00000, 0x0000000084b00000| Untracked 
|  46|0x0000000084c00000, 0x0000000084c00000, 0x0000000084d00000|  0%| F|  |TAMS 0x0000000084c00000, 0x0000000084c00000| Untracked 
|  47|0x0000000084d00000, 0x0000000084d00000, 0x0000000084e00000|  0%| F|  |TAMS 0x0000000084d00000, 0x0000000084d00000| Untracked 
|  48|0x0000000084e00000, 0x0000000084e00000, 0x0000000084f00000|  0%| F|  |TAMS 0x0000000084e00000, 0x0000000084e00000| Untracked 
|  49|0x0000000084f00000, 0x0000000084f00000, 0x0000000085000000|  0%| F|  |TAMS 0x0000000084f00000, 0x0000000084f00000| Untracked 
|  50|0x0000000085000000, 0x0000000085000000, 0x0000000085100000|  0%| F|  |TAMS 0x0000000085000000, 0x0000000085000000| Untracked 
|  51|0x0000000085100000, 0x0000000085100000, 0x0000000085200000|  0%| F|  |TAMS 0x0000000085100000, 0x0000000085100000| Untracked 
|  52|0x0000000085200000, 0x0000000085200000, 0x0000000085300000|  0%| F|  |TAMS 0x0000000085200000, 0x0000000085200000| Untracked 
|  53|0x0000000085300000, 0x0000000085300000, 0x0000000085400000|  0%| F|  |TAMS 0x0000000085300000, 0x0000000085300000| Untracked 
|  54|0x0000000085400000, 0x0000000085400000, 0x0000000085500000|  0%| F|  |TAMS 0x0000000085400000, 0x0000000085400000| Untracked 
|  55|0x0000000085500000, 0x0000000085500000, 0x0000000085600000|  0%| F|  |TAMS 0x0000000085500000, 0x0000000085500000| Untracked 
|  56|0x0000000085600000, 0x0000000085600000, 0x0000000085700000|  0%| F|  |TAMS 0x0000000085600000, 0x0000000085600000| Untracked 
|  57|0x0000000085700000, 0x0000000085700000, 0x0000000085800000|  0%| F|  |TAMS 0x0000000085700000, 0x0000000085700000| Untracked 
|  58|0x0000000085800000, 0x0000000085800000, 0x0000000085900000|  0%| F|  |TAMS 0x0000000085800000, 0x0000000085800000| Untracked 
|  59|0x0000000085900000, 0x0000000085900000, 0x0000000085a00000|  0%| F|  |TAMS 0x0000000085900000, 0x0000000085900000| Untracked 
|  60|0x0000000085a00000, 0x0000000085a00000, 0x0000000085b00000|  0%| F|  |TAMS 0x0000000085a00000, 0x0000000085a00000| Untracked 
|  61|0x0000000085b00000, 0x0000000085b00000, 0x0000000085c00000|  0%| F|  |TAMS 0x0000000085b00000, 0x0000000085b00000| Untracked 
|  62|0x0000000085c00000, 0x0000000085c00000, 0x0000000085d00000|  0%| F|  |TAMS 0x0000000085c00000, 0x0000000085c00000| Untracked 
|  63|0x0000000085d00000, 0x0000000085d00000, 0x0000000085e00000|  0%| F|  |TAMS 0x0000000085d00000, 0x0000000085d00000| Untracked 
|  64|0x0000000085e00000, 0x0000000085e00000, 0x0000000085f00000|  0%| F|  |TAMS 0x0000000085e00000, 0x0000000085e00000| Untracked 
|  65|0x0000000085f00000, 0x0000000085f00000, 0x0000000086000000|  0%| F|  |TAMS 0x0000000085f00000, 0x0000000085f00000| Untracked 
|  66|0x0000000086000000, 0x0000000086000000, 0x0000000086100000|  0%| F|  |TAMS 0x0000000086000000, 0x0000000086000000| Untracked 
|  67|0x0000000086100000, 0x0000000086100000, 0x0000000086200000|  0%| F|  |TAMS 0x0000000086100000, 0x0000000086100000| Untracked 
|  68|0x0000000086200000, 0x0000000086200000, 0x0000000086300000|  0%| F|  |TAMS 0x0000000086200000, 0x0000000086200000| Untracked 
|  69|0x0000000086300000, 0x0000000086300000, 0x0000000086400000|  0%| F|  |TAMS 0x0000000086300000, 0x0000000086300000| Untracked 
|  70|0x0000000086400000, 0x0000000086400000, 0x0000000086500000|  0%| F|  |TAMS 0x0000000086400000, 0x0000000086400000| Untracked 
|  71|0x0000000086500000, 0x0000000086500000, 0x0000000086600000|  0%| F|  |TAMS 0x0000000086500000, 0x0000000086500000| Untracked 
|  72|0x0000000086600000, 0x0000000086600000, 0x0000000086700000|  0%| F|  |TAMS 0x0000000086600000, 0x0000000086600000| Untracked 
|  73|0x0000000086700000, 0x0000000086700000, 0x0000000086800000|  0%| F|  |TAMS 0x0000000086700000, 0x0000000086700000| Untracked 
|  74|0x0000000086800000, 0x0000000086800000, 0x0000000086900000|  0%| F|  |TAMS 0x0000000086800000, 0x0000000086800000| Untracked 
|  75|0x0000000086900000, 0x0000000086900000, 0x0000000086a00000|  0%| F|  |TAMS 0x0000000086900000, 0x0000000086900000| Untracked 
|  76|0x0000000086a00000, 0x0000000086a00000, 0x0000000086b00000|  0%| F|  |TAMS 0x0000000086a00000, 0x0000000086a00000| Untracked 
|  77|0x0000000086b00000, 0x0000000086b00000, 0x0000000086c00000|  0%| F|  |TAMS 0x0000000086b00000, 0x0000000086b00000| Untracked 
|  78|0x0000000086c00000, 0x0000000086c00000, 0x0000000086d00000|  0%| F|  |TAMS 0x0000000086c00000, 0x0000000086c00000| Untracked 
|  79|0x0000000086d00000, 0x0000000086d00000, 0x0000000086e00000|  0%| F|  |TAMS 0x0000000086d00000, 0x0000000086d00000| Untracked 
|  80|0x0000000086e00000, 0x0000000086e00000, 0x0000000086f00000|  0%| F|  |TAMS 0x0000000086e00000, 0x0000000086e00000| Untracked 
|  81|0x0000000086f00000, 0x0000000086f00000, 0x0000000087000000|  0%| F|  |TAMS 0x0000000086f00000, 0x0000000086f00000| Untracked 
|  82|0x0000000087000000, 0x0000000087000000, 0x0000000087100000|  0%| F|  |TAMS 0x0000000087000000, 0x0000000087000000| Untracked 
|  83|0x0000000087100000, 0x0000000087100000, 0x0000000087200000|  0%| F|  |TAMS 0x0000000087100000, 0x0000000087100000| Untracked 
|  84|0x0000000087200000, 0x0000000087200000, 0x0000000087300000|  0%| F|  |TAMS 0x0000000087200000, 0x0000000087200000| Untracked 
|  85|0x0000000087300000, 0x0000000087300000, 0x0000000087400000|  0%| F|  |TAMS 0x0000000087300000, 0x0000000087300000| Untracked 
|  86|0x0000000087400000, 0x0000000087400000, 0x0000000087500000|  0%| F|  |TAMS 0x0000000087400000, 0x0000000087400000| Untracked 
|  87|0x0000000087500000, 0x0000000087500000, 0x0000000087600000|  0%| F|  |TAMS 0x0000000087500000, 0x0000000087500000| Untracked 
|  88|0x0000000087600000, 0x0000000087600000, 0x0000000087700000|  0%| F|  |TAMS 0x0000000087600000, 0x0000000087600000| Untracked 
|  89|0x0000000087700000, 0x0000000087700000, 0x0000000087800000|  0%| F|  |TAMS 0x0000000087700000, 0x0000000087700000| Untracked 
|  90|0x0000000087800000, 0x0000000087800000, 0x0000000087900000|  0%| F|  |TAMS 0x0000000087800000, 0x0000000087800000| Untracked 
|  91|0x0000000087900000, 0x0000000087900000, 0x0000000087a00000|  0%| F|  |TAMS 0x0000000087900000, 0x0000000087900000| Untracked 
|  92|0x0000000087a00000, 0x0000000087a00000, 0x0000000087b00000|  0%| F|  |TAMS 0x0000000087a00000, 0x0000000087a00000| Untracked 
|  93|0x0000000087b00000, 0x0000000087b00000, 0x0000000087c00000|  0%| F|  |TAMS 0x0000000087b00000, 0x0000000087b00000| Untracked 
|  94|0x0000000087c00000, 0x0000000087c00000, 0x0000000087d00000|  0%| F|  |TAMS 0x0000000087c00000, 0x0000000087c00000| Untracked 
|  95|0x0000000087d00000, 0x0000000087d00000, 0x0000000087e00000|  0%| F|  |TAMS 0x0000000087d00000, 0x0000000087d00000| Untracked 
|  96|0x0000000087e00000, 0x0000000087e00000, 0x0000000087f00000|  0%| F|  |TAMS 0x0000000087e00000, 0x0000000087e00000| Untracked 
|  97|0x0000000087f00000, 0x0000000087f00000, 0x0000000088000000|  0%| F|  |TAMS 0x0000000087f00000, 0x0000000087f00000| Untracked 
|  98|0x0000000088000000, 0x0000000088000000, 0x0000000088100000|  0%| F|  |TAMS 0x0000000088000000, 0x0000000088000000| Untracked 
|  99|0x0000000088100000, 0x0000000088100000, 0x0000000088200000|  0%| F|  |TAMS 0x0000000088100000, 0x0000000088100000| Untracked 
| 100|0x0000000088200000, 0x0000000088200000, 0x0000000088300000|  0%| F|  |TAMS 0x0000000088200000, 0x0000000088200000| Untracked 
| 101|0x0000000088300000, 0x0000000088300000, 0x0000000088400000|  0%| F|  |TAMS 0x0000000088300000, 0x0000000088300000| Untracked 
| 102|0x0000000088400000, 0x0000000088400000, 0x0000000088500000|  0%| F|  |TAMS 0x0000000088400000, 0x0000000088400000| Untracked 
| 103|0x0000000088500000, 0x0000000088500000, 0x0000000088600000|  0%| F|  |TAMS 0x0000000088500000, 0x0000000088500000| Untracked 
| 104|0x0000000088600000, 0x0000000088600000, 0x0000000088700000|  0%| F|  |TAMS 0x0000000088600000, 0x0000000088600000| Untracked 
| 105|0x0000000088700000, 0x0000000088700000, 0x0000000088800000|  0%| F|  |TAMS 0x0000000088700000, 0x0000000088700000| Untracked 
| 106|0x0000000088800000, 0x0000000088800000, 0x0000000088900000|  0%| F|  |TAMS 0x0000000088800000, 0x0000000088800000| Untracked 
| 107|0x0000000088900000, 0x0000000088900000, 0x0000000088a00000|  0%| F|  |TAMS 0x0000000088900000, 0x0000000088900000| Untracked 
| 108|0x0000000088a00000, 0x0000000088a00000, 0x0000000088b00000|  0%| F|  |TAMS 0x0000000088a00000, 0x0000000088a00000| Untracked 
| 109|0x0000000088b00000, 0x0000000088b00000, 0x0000000088c00000|  0%| F|  |TAMS 0x0000000088b00000, 0x0000000088b00000| Untracked 
| 110|0x0000000088c00000, 0x0000000088c00000, 0x0000000088d00000|  0%| F|  |TAMS 0x0000000088c00000, 0x0000000088c00000| Untracked 
| 111|0x0000000088d00000, 0x0000000088d00000, 0x0000000088e00000|  0%| F|  |TAMS 0x0000000088d00000, 0x0000000088d00000| Untracked 
| 112|0x0000000088e00000, 0x0000000088e00000, 0x0000000088f00000|  0%| F|  |TAMS 0x0000000088e00000, 0x0000000088e00000| Untracked 
| 113|0x0000000088f00000, 0x0000000088f00000, 0x0000000089000000|  0%| F|  |TAMS 0x0000000088f00000, 0x0000000088f00000| Untracked 
| 114|0x0000000089000000, 0x0000000089000000, 0x0000000089100000|  0%| F|  |TAMS 0x0000000089000000, 0x0000000089000000| Untracked 
| 115|0x0000000089100000, 0x0000000089100000, 0x0000000089200000|  0%| F|  |TAMS 0x0000000089100000, 0x0000000089100000| Untracked 
| 116|0x0000000089200000, 0x0000000089200000, 0x0000000089300000|  0%| F|  |TAMS 0x0000000089200000, 0x0000000089200000| Untracked 
| 117|0x0000000089300000, 0x00000000893432b8, 0x0000000089400000| 26%| E|  |TAMS 0x0000000089300000, 0x0000000089300000| Complete 
| 118|0x0000000089400000, 0x0000000089500000, 0x0000000089500000|100%| E|CS|TAMS 0x0000000089400000, 0x0000000089400000| Complete 
| 119|0x0000000089500000, 0x0000000089600000, 0x0000000089600000|100%| E|CS|TAMS 0x0000000089500000, 0x0000000089500000| Complete 
| 120|0x0000000089600000, 0x0000000089700000, 0x0000000089700000|100%| E|CS|TAMS 0x0000000089600000, 0x0000000089600000| Complete 
| 121|0x0000000089700000, 0x0000000089800000, 0x0000000089800000|100%| E|CS|TAMS 0x0000000089700000, 0x0000000089700000| Complete 
| 122|0x0000000089800000, 0x0000000089900000, 0x0000000089900000|100%| E|CS|TAMS 0x0000000089800000, 0x0000000089800000| Complete 
| 123|0x0000000089900000, 0x0000000089a00000, 0x0000000089a00000|100%| E|CS|TAMS 0x0000000089900000, 0x0000000089900000| Complete 
| 124|0x0000000089a00000, 0x0000000089b00000, 0x0000000089b00000|100%| E|CS|TAMS 0x0000000089a00000, 0x0000000089a00000| Complete 
| 125|0x0000000089b00000, 0x0000000089c00000, 0x0000000089c00000|100%| E|CS|TAMS 0x0000000089b00000, 0x0000000089b00000| Complete 
| 126|0x0000000089c00000, 0x0000000089d00000, 0x0000000089d00000|100%| E|CS|TAMS 0x0000000089c00000, 0x0000000089c00000| Complete 
| 127|0x0000000089d00000, 0x0000000089e00000, 0x0000000089e00000|100%| E|CS|TAMS 0x0000000089d00000, 0x0000000089d00000| Complete 

Card table byte_map: [0x000001f95b350000,0x000001f95b750000] _byte_map_base: 0x000001f95af41000

Marking Bits (Prev, Next): (CMBitMap*) 0x000001f9488dbfe0, (CMBitMap*) 0x000001f9488dc020
 Prev Bits: [0x000001f95bb50000, 0x000001f95dad8000)
 Next Bits: [0x000001f95dae0000, 0x000001f95fa68000)

Polling page: 0x000001f946810000

Metaspace:

Usage:
  Non-class:      9.66 MB used.
      Class:    961.23 KB used.
       Both:     10.60 MB used.

Virtual space:
  Non-class space:       16.00 MB reserved,       9.69 MB ( 61%) committed,  2 nodes.
      Class space:        1.00 GB reserved,       1.00 MB ( <1%) committed,  1 nodes.
             Both:        1.02 GB reserved,      10.69 MB (  1%) committed. 

Chunk freelists:
   Non-Class:  1.95 MB
       Class:  2.94 MB
        Both:  4.90 MB

MaxMetaspaceSize: unlimited
CompressedClassSpaceSize: 1.00 GB
Initial GC threshold: 21.00 MB
Current GC threshold: 21.00 MB
CDS: off
MetaspaceReclaimPolicy: balanced
 - commit_granule_bytes: 65536.
 - commit_granule_words: 8192.
 - virtual_space_node_default_size: 1048576.
 - enlarge_chunks_in_place: 1.
 - new_chunks_are_fully_committed: 0.
 - uncommit_free_chunks: 1.
 - use_allocation_guard: 0.
 - handle_deallocations: 1.


Internal statistics:

num_allocs_failed_limit: 0.
num_arena_births: 16.
num_arena_deaths: 0.
num_vsnodes_births: 3.
num_vsnodes_deaths: 0.
num_space_committed: 171.
num_space_uncommitted: 0.
num_chunks_returned_to_freelist: 0.
num_chunks_taken_from_freelist: 73.
num_chunk_merges: 0.
num_chunk_splits: 36.
num_chunks_enlarged: 24.
num_purges: 0.
num_inconsistent_stats: 0.

CodeHeap 'non-profiled nmethods': size=120000Kb used=230Kb max_used=230Kb free=119769Kb
 bounds [0x000001f953a20000, 0x000001f953c90000, 0x000001f95af50000]
CodeHeap 'profiled nmethods': size=120000Kb used=1111Kb max_used=1111Kb free=118888Kb
 bounds [0x000001f94c4f0000, 0x000001f94c760000, 0x000001f953a20000]
CodeHeap 'non-nmethods': size=5760Kb used=1210Kb max_used=1236Kb free=4550Kb
 bounds [0x000001f94bf50000, 0x000001f94c1c0000, 0x000001f94c4f0000]
 total_blobs=1092 nmethods=663 adapters=342
 compilation: enabled
              stopped_count=0, restarted_count=0
 full_count=0

Compilation events (20 events):
Event: 0.864 Thread 0x000001f961f954d0 nmethod 655 0x000001f94c600090 code [0x000001f94c600240, 0x000001f94c6004f8]
Event: 0.873 Thread 0x000001f961f954d0  658  s    3       java.lang.StringBuffer::append (13 bytes)
Event: 0.874 Thread 0x000001f961f954d0 nmethod 658 0x000001f94c600610 code [0x000001f94c6007c0, 0x000001f94c6009e8]
Event: 0.874 Thread 0x000001f961f954d0  659       3       java.nio.Buffer::position (52 bytes)
Event: 0.874 Thread 0x000001f961f954d0 nmethod 659 0x000001f94c600a90 code [0x000001f94c600c40, 0x000001f94c600ee8]
Event: 0.874 Thread 0x000001f961f954d0  660       3       java.io.PrintWriter::ensureOpen (18 bytes)
Event: 0.874 Thread 0x000001f961f954d0 nmethod 660 0x000001f94c601010 code [0x000001f94c6011c0, 0x000001f94c6013e8]
Event: 0.874 Thread 0x000001f961f954d0  661       3       java.lang.ref.Reference::refersTo (6 bytes)
Event: 0.875 Thread 0x000001f961f954d0 nmethod 661 0x000001f94c601510 code [0x000001f94c6016c0, 0x000001f94c6018a8]
Event: 0.887 Thread 0x000001f961f92e10 nmethod 646 0x000001f953a57190 code [0x000001f953a573c0, 0x000001f953a58fe0]
Event: 2138.595 Thread 0x000001f961f92e10  662       4       org.eclipse.jdt.launching.internal.org.objectweb.asm.Symbol::<init> (38 bytes)
Event: 2138.604 Thread 0x000001f961f92e10 

Event: 2271.471 Thread 0x000001f961f92e10  663       4       org.eclipse.jdt.launching.internal.org.objectweb.asm.SymbolTable::add (39 bytes)
Event: 2271.471 Thread 0x000001f961f954d0  664       3       org.eclipse.jdt.launching.internal.org.objectweb.asm.MethodWriter::computeMethodInfoSize (571 bytes)
Event: 2271.479 Thread 0x000001f961f954d0 

Event: 2271.479 Thread 0x000001f961f954d0  665       3       org.eclipse.jdt.launching.internal.org.objectweb.asm.MethodWriter::hasFrames (13 bytes)
Event: 2271.480 Thread 0x000001f961f954d0 nmethod 665 0x000001f94c601990 code [0x000001f94c601b20, 0x000001f94c601c98]
Event: 2271.480 Thread 0x000001f961f954d0  666       3       org.eclipse.jdt.launching.internal.org.objectweb.asm.MethodWriter::putMethodInfo (1274 bytes)
Event: 2271.482 Thread 0x000001f961f92e10 

Event: 2271.486 Thread 0x000001f961f954d0 nmethod 666 0x000001f94c601d10 code [0x000001f94c6023c0, 0x000001f94c604a18]

GC Heap History (0 events):
No events

Deoptimization events (20 events):
Event: 0.587 Thread 0x000001f948887270 DEOPT PACKING pc=0x000001f94c56aaac sp=0x000000095a3f8140
Event: 0.587 Thread 0x000001f948887270 DEOPT UNPACKING pc=0x000001f94bfa2b43 sp=0x000000095a3f75a8 mode 0
Event: 0.587 Thread 0x000001f948887270 DEOPT PACKING pc=0x000001f94c56aaac sp=0x000000095a3f8140
Event: 0.587 Thread 0x000001f948887270 DEOPT UNPACKING pc=0x000001f94bfa2b43 sp=0x000000095a3f75a8 mode 0
Event: 0.589 Thread 0x000001f948887270 DEOPT PACKING pc=0x000001f94c56aaac sp=0x000000095a3f8140
Event: 0.589 Thread 0x000001f948887270 DEOPT UNPACKING pc=0x000001f94bfa2b43 sp=0x000000095a3f75a8 mode 0
Event: 0.591 Thread 0x000001f948887270 DEOPT PACKING pc=0x000001f94c56aaac sp=0x000000095a3fbb90
Event: 0.591 Thread 0x000001f948887270 DEOPT UNPACKING pc=0x000001f94bfa2b43 sp=0x000000095a3faff8 mode 0
Event: 0.593 Thread 0x000001f948887270 DEOPT PACKING pc=0x000001f94c56aaac sp=0x000000095a3fbb90
Event: 0.593 Thread 0x000001f948887270 DEOPT UNPACKING pc=0x000001f94bfa2b43 sp=0x000000095a3faff8 mode 0
Event: 0.598 Thread 0x000001f948887270 DEOPT PACKING pc=0x000001f94c56aaac sp=0x000000095a3f80c0
Event: 0.598 Thread 0x000001f948887270 DEOPT UNPACKING pc=0x000001f94bfa2b43 sp=0x000000095a3f7528 mode 0
Event: 0.601 Thread 0x000001f948887270 DEOPT PACKING pc=0x000001f94c56aaac sp=0x000000095a3fbac0
Event: 0.601 Thread 0x000001f948887270 DEOPT UNPACKING pc=0x000001f94bfa2b43 sp=0x000000095a3faf28 mode 0
Event: 0.606 Thread 0x000001f948887270 DEOPT PACKING pc=0x000001f94c56aaac sp=0x000000095a3fbb90
Event: 0.606 Thread 0x000001f948887270 DEOPT UNPACKING pc=0x000001f94bfa2b43 sp=0x000000095a3faff8 mode 0
Event: 0.670 Thread 0x000001f948887270 DEOPT PACKING pc=0x000001f94c52006a sp=0x000000095a3fa710
Event: 0.670 Thread 0x000001f948887270 DEOPT UNPACKING pc=0x000001f94bfa2b43 sp=0x000000095a3f9b30 mode 0
Event: 0.726 Thread 0x000001f948887270 DEOPT PACKING pc=0x000001f94c4fc9d5 sp=0x000000095a3fe460
Event: 0.727 Thread 0x000001f948887270 DEOPT UNPACKING pc=0x000001f94bfa2b43 sp=0x000000095a3fd8d8 mode 0

Classes unloaded (0 events):
No events

Classes redefined (4 events):
Event: 405.840 Thread 0x000001f961f69740 redefined class name=edu.uwm.cs351.Money, count=1
Event: 1063.430 Thread 0x000001f961f69740 redefined class name=edu.uwm.cs351.Money, count=2
Event: 2138.599 Thread 0x000001f961f69740 redefined class name=edu.uwm.cs351.Money, count=3
Event: 2271.473 Thread 0x000001f961f69740 redefined class name=edu.uwm.cs351.Money, count=4

Internal exceptions (4 events):
Event: 0.691 Thread 0x000001f948887270 Exception <a 'java/lang/NoSuchMethodError'{0x00000000897bdbc0}: 'java.lang.Object java.lang.invoke.DirectMethodHandle$Holder.invokeStaticInit(java.lang.Object)'> (0x00000000897bdbc0) 
thrown [s\src\hotspot\share\interpreter\linkResolver.cpp, line 759]
Event: 0.702 Thread 0x000001f948887270 Exception <a 'java/lang/NoSuchMethodError'{0x00000000897e62f8}: 'void java.lang.invoke.DirectMethodHandle$Holder.invokeStatic(java.lang.Object, java.lang.Object)'> (0x00000000897e62f8) 
thrown [s\src\hotspot\share\interpreter\linkResolver.cpp, line 759]
Event: 0.823 Thread 0x000001f948887270 Exception <a 'java/lang/NoSuchMethodError'{0x0000000089454680}: 'java.lang.Object java.lang.invoke.DirectMethodHandle$Holder.invokeInterface(java.lang.Object, java.lang.Object)'> (0x0000000089454680) 
thrown [s\src\hotspot\share\interpreter\linkResolver.cpp, line 759]
Event: 0.824 Thread 0x000001f948887270 Exception <a 'java/lang/IncompatibleClassChangeError'{0x0000000089457e78}: Found class java.lang.Object, but interface was expected> (0x0000000089457e78) 
thrown [s\src\hotspot\share\interpreter\linkResolver.cpp, line 826]

VM Operations (20 events):
Event: 2274.430 Executing VM operation: get/set locals
Event: 2274.430 Executing VM operation: get/set locals done
Event: 2274.431 Executing VM operation: get/set locals
Event: 2274.431 Executing VM operation: get/set locals done
Event: 2274.432 Executing VM operation: get/set locals
Event: 2274.432 Executing VM operation: get/set locals done
Event: 2274.434 Executing VM operation: get/set locals
Event: 2274.434 Executing VM operation: get/set locals done
Event: 2274.435 Executing VM operation: get/set locals
Event: 2274.435 Executing VM operation: get/set locals done
Event: 2274.436 Executing VM operation: get/set locals
Event: 2274.436 Executing VM operation: get/set locals done
Event: 2274.437 Executing VM operation: get/set locals
Event: 2274.438 Executing VM operation: get/set locals done
Event: 2274.439 Executing VM operation: get/set locals
Event: 2274.439 Executing VM operation: get/set locals done
Event: 2274.440 Executing VM operation: get/set locals
Event: 2274.440 Executing VM operation: get/set locals done
Event: 2274.442 Executing VM operation: get/set locals
Event: 2274.442 Executing VM operation: get/set locals done

Events (20 events):
Event: 0.839 loading class java/text/Format done
Event: 0.839 loading class java/text/MessageFormat done
Event: 0.839 loading class java/util/Locale$Category
Event: 0.839 loading class java/util/Locale$Category done
Event: 0.839 loading class java/text/FieldPosition
Event: 0.839 loading class java/text/FieldPosition done
Event: 0.839 loading class java/text/MessageFormat$Field
Event: 0.839 loading class java/text/Format$Field
Event: 0.839 loading class java/text/AttributedCharacterIterator$Attribute
Event: 0.840 loading class java/text/AttributedCharacterIterator$Attribute done
Event: 0.840 loading class java/text/Format$Field done
Event: 0.840 loading class java/text/MessageFormat$Field done
Event: 0.852 loading class sun/nio/ch/IOStatus
Event: 0.852 loading class sun/nio/ch/IOStatus done
Event: 5.885 Thread 0x000001f9488880e0 Thread exited: 0x000001f9488880e0
Event: 27.824 loading class java/util/IdentityHashMap$KeyIterator
Event: 27.824 loading class java/util/IdentityHashMap$IdentityHashMapIterator
Event: 27.825 loading class java/util/IdentityHashMap$IdentityHashMapIterator done
Event: 27.825 loading class java/util/IdentityHashMap$KeyIterator done
Event: 27.825 Thread 0x000001f9632b7850 Thread exited: 0x000001f9632b7850


Dynamic libraries:
0x00007ff65aad0000 - 0x00007ff65aade000 	C:\Users\andyl\.p2\pool\plugins\org.eclipse.justj.openjdk.hotspot.jre.full.win32.x86_64_17.0.4.v20220805-1047\jre\bin\javaw.exe
0x00007ff9042a0000 - 0x00007ff9044a9000 	C:\WINDOWS\SYSTEM32\ntdll.dll
0x00007ff903210000 - 0x00007ff9032ce000 	C:\WINDOWS\System32\KERNEL32.DLL
0x00007ff901930000 - 0x00007ff901cab000 	C:\WINDOWS\System32\KERNELBASE.dll
0x00007ff901cb0000 - 0x00007ff901dc1000 	C:\WINDOWS\System32\ucrtbase.dll
0x00007ff8f2230000 - 0x00007ff8f2248000 	C:\Users\andyl\.p2\pool\plugins\org.eclipse.justj.openjdk.hotspot.jre.full.win32.x86_64_17.0.4.v20220805-1047\jre\bin\jli.dll
0x00007ff9034c0000 - 0x00007ff90366d000 	C:\WINDOWS\System32\USER32.dll
0x00007ff901860000 - 0x00007ff901886000 	C:\WINDOWS\System32\win32u.dll
0x00007ff9038a0000 - 0x00007ff9038c9000 	C:\WINDOWS\System32\GDI32.dll
0x00007ff901e90000 - 0x00007ff901fa8000 	C:\WINDOWS\System32\gdi32full.dll
0x00007ff901890000 - 0x00007ff90192d000 	C:\WINDOWS\System32\msvcp_win.dll
0x00007ff8ef190000 - 0x00007ff8ef1a9000 	C:\Users\andyl\.p2\pool\plugins\org.eclipse.justj.openjdk.hotspot.jre.full.win32.x86_64_17.0.4.v20220805-1047\jre\bin\VCRUNTIME140.dll
0x00007ff8ec3a0000 - 0x00007ff8ec645000 	C:\WINDOWS\WinSxS\amd64_microsoft.windows.common-controls_6595b64144ccf1df_6.0.22000.120_none_9d947278b86cc467\COMCTL32.dll
0x00007ff904070000 - 0x00007ff904113000 	C:\WINDOWS\System32\msvcrt.dll
0x00007ff9030a0000 - 0x00007ff9030d2000 	C:\WINDOWS\System32\IMM32.DLL
0x00007ff8fb760000 - 0x00007ff8fb76c000 	C:\Users\andyl\.p2\pool\plugins\org.eclipse.justj.openjdk.hotspot.jre.full.win32.x86_64_17.0.4.v20220805-1047\jre\bin\vcruntime140_1.dll
0x00007ff8cee50000 - 0x00007ff8ceee1000 	C:\Users\andyl\.p2\pool\plugins\org.eclipse.justj.openjdk.hotspot.jre.full.win32.x86_64_17.0.4.v20220805-1047\jre\bin\msvcp140.dll
0x00007ff877680000 - 0x00007ff8782c6000 	C:\Users\andyl\.p2\pool\plugins\org.eclipse.justj.openjdk.hotspot.jre.full.win32.x86_64_17.0.4.v20220805-1047\jre\bin\server\jvm.dll
0x00007ff9039b0000 - 0x00007ff903a5e000 	C:\WINDOWS\System32\ADVAPI32.dll
0x00007ff902a60000 - 0x00007ff902afe000 	C:\WINDOWS\System32\sechost.dll
0x00007ff904120000 - 0x00007ff904240000 	C:\WINDOWS\System32\RPCRT4.dll
0x00007ff904250000 - 0x00007ff904258000 	C:\WINDOWS\System32\PSAPI.DLL
0x00007ff8fc570000 - 0x00007ff8fc579000 	C:\WINDOWS\SYSTEM32\WSOCK32.dll
0x00007ff902c30000 - 0x00007ff902c9f000 	C:\WINDOWS\System32\WS2_32.dll
0x00007ff8fccc0000 - 0x00007ff8fccca000 	C:\WINDOWS\SYSTEM32\VERSION.dll
0x00007ff8fc8d0000 - 0x00007ff8fc903000 	C:\WINDOWS\SYSTEM32\WINMM.dll
0x00007ff9007f0000 - 0x00007ff900808000 	C:\WINDOWS\SYSTEM32\kernel.appcore.dll
0x00007ff8fb780000 - 0x00007ff8fb78a000 	C:\Users\andyl\.p2\pool\plugins\org.eclipse.justj.openjdk.hotspot.jre.full.win32.x86_64_17.0.4.v20220805-1047\jre\bin\jimage.dll
0x00007ff8ff3e0000 - 0x00007ff8ff601000 	C:\WINDOWS\SYSTEM32\DBGHELP.DLL
0x00007ff8fae70000 - 0x00007ff8faea1000 	C:\WINDOWS\SYSTEM32\dbgcore.DLL
0x00007ff9017e0000 - 0x00007ff90185f000 	C:\WINDOWS\System32\bcryptPrimitives.dll
0x00007ff8e3360000 - 0x00007ff8e339b000 	C:\Users\andyl\.p2\pool\plugins\org.eclipse.justj.openjdk.hotspot.jre.full.win32.x86_64_17.0.4.v20220805-1047\jre\bin\jdwp.dll
0x00007ff8f3f20000 - 0x00007ff8f3f2e000 	C:\Users\andyl\.p2\pool\plugins\org.eclipse.justj.openjdk.hotspot.jre.full.win32.x86_64_17.0.4.v20220805-1047\jre\bin\instrument.dll
0x00007ff8fb6e0000 - 0x00007ff8fb705000 	C:\Users\andyl\.p2\pool\plugins\org.eclipse.justj.openjdk.hotspot.jre.full.win32.x86_64_17.0.4.v20220805-1047\jre\bin\java.dll
0x00007ff8fb680000 - 0x00007ff8fb698000 	C:\Users\andyl\.p2\pool\plugins\org.eclipse.justj.openjdk.hotspot.jre.full.win32.x86_64_17.0.4.v20220805-1047\jre\bin\zip.dll
0x00007ff9022a0000 - 0x00007ff902a57000 	C:\WINDOWS\System32\SHELL32.dll
0x00007ff8ff860000 - 0x00007ff9000c5000 	C:\WINDOWS\SYSTEM32\windows.storage.dll
0x00007ff902cc0000 - 0x00007ff903038000 	C:\WINDOWS\System32\combase.dll
0x00007ff8ff6f0000 - 0x00007ff8ff856000 	C:\WINDOWS\SYSTEM32\wintypes.dll
0x00007ff9021b0000 - 0x00007ff90229a000 	C:\WINDOWS\System32\SHCORE.dll
0x00007ff9033c0000 - 0x00007ff90341d000 	C:\WINDOWS\System32\shlwapi.dll
0x00007ff9016a0000 - 0x00007ff9016c1000 	C:\WINDOWS\SYSTEM32\profapi.dll
0x00007ff8efef0000 - 0x00007ff8efefc000 	C:\Users\andyl\.p2\pool\plugins\org.eclipse.justj.openjdk.hotspot.jre.full.win32.x86_64_17.0.4.v20220805-1047\jre\bin\dt_socket.dll
0x00007ff9003b0000 - 0x00007ff9003dd000 	C:\WINDOWS\SYSTEM32\IPHLPAPI.DLL
0x00007ff900c90000 - 0x00007ff900cf7000 	C:\WINDOWS\system32\mswsock.dll
0x00007ff9003e0000 - 0x00007ff9004c8000 	C:\WINDOWS\SYSTEM32\DNSAPI.dll
0x00007ff902c20000 - 0x00007ff902c29000 	C:\WINDOWS\System32\NSI.dll
0x00007ff8f9af0000 - 0x00007ff8f9afa000 	C:\Windows\System32\rasadhlp.dll
0x00007ff8fa5f0000 - 0x00007ff8fa671000 	C:\WINDOWS\System32\fwpuclnt.dll
0x00007ff8fa450000 - 0x00007ff8fa469000 	C:\Users\andyl\.p2\pool\plugins\org.eclipse.justj.openjdk.hotspot.jre.full.win32.x86_64_17.0.4.v20220805-1047\jre\bin\net.dll
0x00007ff8fb8d0000 - 0x00007ff8fb9e4000 	C:\WINDOWS\SYSTEM32\WINHTTP.dll
0x00007ff8fa230000 - 0x00007ff8fa245000 	C:\Users\andyl\.p2\pool\plugins\org.eclipse.justj.openjdk.hotspot.jre.full.win32.x86_64_17.0.4.v20220805-1047\jre\bin\nio.dll
0x00007ff8fb670000 - 0x00007ff8fb680000 	C:\Users\andyl\.p2\pool\plugins\org.eclipse.justj.openjdk.hotspot.jre.full.win32.x86_64_17.0.4.v20220805-1047\jre\bin\verify.dll
0x00007ff8fc100000 - 0x00007ff8fc119000 	C:\WINDOWS\SYSTEM32\dhcpcsvc6.DLL
0x00007ff8fc8b0000 - 0x00007ff8fc8ce000 	C:\WINDOWS\SYSTEM32\dhcpcsvc.DLL

dbghelp: loaded successfully - version: 4.0.5 - missing functions: none
symbol engine: initialized successfully - sym options: 0x614 - pdb path: .;C:\Users\andyl\.p2\pool\plugins\org.eclipse.justj.openjdk.hotspot.jre.full.win32.x86_64_17.0.4.v20220805-1047\jre\bin;C:\WINDOWS\SYSTEM32;C:\WINDOWS\WinSxS\amd64_microsoft.windows.common-controls_6595b64144ccf1df_6.0.22000.120_none_9d947278b86cc467;C:\Users\andyl\.p2\pool\plugins\org.eclipse.justj.openjdk.hotspot.jre.full.win32.x86_64_17.0.4.v20220805-1047\jre\bin\server

VM Arguments:
jvm_args: -XX:+ShowCodeDetailsInExceptionMessages -agentlib:jdwp=transport=dt_socket,suspend=y,address=localhost:52929 -ea -javaagent:C:\Users\andyl\eclipse\java-2022-06\eclipse\configuration\org.eclipse.osgi\215\0\.cp\lib\javaagent-shaded.jar -Dfile.encoding=UTF-8 
java_command: org.eclipse.jdt.internal.junit.runner.RemoteTestRunner -version 3 -port 52928 -testLoaderClass org.eclipse.jdt.internal.junit.runner.junit3.JUnit3TestLoader -loaderpluginname org.eclipse.jdt.junit.runtime -classNames TestMoney
java_class_path (initial): C:\Users\andyl\git\homework-1-AndrewAlien\bin;C:\Users\andyl\git\homework-1-AndrewAlien\lib\homework1.jar;C:\Users\andyl\.p2\pool\plugins\org.junit_4.13.2.v20211018-1956.jar;C:\Users\andyl\eclipse\java-2022-06\eclipse\configuration\org.eclipse.osgi\212\0\.cp
Launcher Type: SUN_STANDARD

[Global flags]
     intx CICompilerCount                          = 3                                         {product} {ergonomic}
     uint ConcGCThreads                            = 1                                         {product} {ergonomic}
     uint G1ConcRefinementThreads                  = 4                                         {product} {ergonomic}
   size_t G1HeapRegionSize                         = 1048576                                   {product} {ergonomic}
    uintx GCDrainStackTargetSize                   = 64                                        {product} {ergonomic}
   size_t InitialHeapSize                          = 134217728                                 {product} {ergonomic}
   size_t MarkStackSize                            = 4194304                                   {product} {ergonomic}
   size_t MaxHeapSize                              = 2116026368                                {product} {ergonomic}
   size_t MaxNewSize                               = 1268776960                                {product} {ergonomic}
   size_t MinHeapDeltaBytes                        = 1048576                                   {product} {ergonomic}
   size_t MinHeapSize                              = 8388608                                   {product} {ergonomic}
    uintx NonNMethodCodeHeapSize                   = 5832780                                {pd product} {ergonomic}
    uintx NonProfiledCodeHeapSize                  = 122912730                              {pd product} {ergonomic}
    uintx ProfiledCodeHeapSize                     = 122912730                              {pd product} {ergonomic}
    uintx ReservedCodeCacheSize                    = 251658240                              {pd product} {ergonomic}
     bool SegmentedCodeCache                       = true                                      {product} {ergonomic}
     bool ShowCodeDetailsInExceptionMessages       = true                                   {manageable} {command line}
   size_t SoftMaxHeapSize                          = 2116026368                             {manageable} {ergonomic}
     bool UseCompressedClassPointers               = true                           {product lp64_product} {ergonomic}
     bool UseCompressedOops                        = true                           {product lp64_product} {ergonomic}
     bool UseG1GC                                  = true                                      {product} {ergonomic}
     bool UseLargePagesIndividualAllocation        = false                                  {pd product} {ergonomic}

Logging:
Log output configuration:
 #0: stdout all=warning uptime,level,tags
 #1: stderr all=off uptime,level,tags

Environment Variables:
PATH=C:\Users\andyl\.p2\pool\plugins\org.eclipse.justj.openjdk.hotspot.jre.full.win32.x86_64_17.0.4.v20220805-1047\jre\bin;C:/Users/andyl/.p2/pool/plugins/org.eclipse.justj.openjdk.hotspot.jre.full.win32.x86_64_17.0.4.v20220805-1047/jre/bin/server;C:/Users/andyl/.p2/pool/plugins/org.eclipse.justj.openjdk.hotspot.jre.full.win32.x86_64_17.0.4.v20220805-1047/jre/bin;C:\WINDOWS\system32;C:\WINDOWS;C:\WINDOWS\System32\Wbem;C:\WINDOWS\System32\WindowsPowerShell\v1.0\;C:\WINDOWS\System32\OpenSSH\;C:\Program Files (x86)\Intel\Intel(R) Management Engine Components\DAL;C:\Program Files\Intel\Intel(R) Management Engine Components\DAL;C:\Program Files\Microsoft SQL Server\130\Tools\Binn\;C:\Program Files\Microsoft SQL Server\Client SDK\ODBC\170\Tools\Binn\;C:\Program Files\dotnet\;C:\Program Files\PuTTY\;C:\Users\andyl\AppData\Local\Microsoft\WindowsApps;C:\Users\andyl\.dotnet\tools;;C:\Users\andyl\OneDrive\Desktop;
USERNAME=andyl
OS=Windows_NT
PROCESSOR_IDENTIFIER=Intel64 Family 6 Model 142 Stepping 12, GenuineIntel
TMP=C:\Users\andyl\AppData\Local\Temp
TEMP=C:\Users\andyl\AppData\Local\Temp



---------------  S Y S T E M  ---------------

OS:
 Windows 11 , 64 bit Build 22000 (10.0.22000.1335)
OS uptime: 16 days 13:00 hours

CPU: total 4 (initial active 4) (2 cores per cpu, 2 threads per core) family 6 model 142 stepping 12 microcode 0xf0, cx8, cmov, fxsr, ht, mmx, 3dnowpref, sse, sse2, sse3, ssse3, sse4.1, sse4.2, popcnt, lzcnt, tsc, tscinvbit, avx, avx2, aes, erms, clmul, bmi1, bmi2, adx, fma, vzeroupper, clflush, clflushopt

Memory: 4k page, system-wide physical 8069M (1447M free)
TotalPageFile size 16005M (AvailPageFile size 3540M)
current process WorkingSet (physical memory assigned to process): 53M, peak: 56M
current process commit charge ("private bytes"): 203M, peak: 207M

vm_info: OpenJDK 64-Bit Server VM (17.0.4+8) for windows-amd64 JRE (17.0.4+8), built on Jul 19 2022 16:05:16 by "temurin" with MS VC++ 16.7 (VS2019)

END.
