#
# A fatal error has been detected by the Java Runtime Environment:
#
#  EXCEPTION_ACCESS_VIOLATION (0xc0000005) at pc=0x00007ff877e1fa7a, pid=27456, tid=18368
#
# JRE version: OpenJDK Runtime Environment Temurin-17.0.4+8 (17.0.4+8) (build 17.0.4+8)
# Java VM: OpenJDK 64-Bit Server VM Temurin-17.0.4+8 (17.0.4+8, mixed mode, tiered, compressed oops, compressed class ptrs, g1 gc, windows-amd64)
# Problematic frame:
# V  [jvm.dll+0x79fa7a]
#
# No core dump will be written. Minidumps are not enabled by default on client versions of Windows
#
# If you would like to submit a bug report, please visit:
#   https://github.com/adoptium/adoptium-support/issues
#

---------------  S U M M A R Y ------------

Command Line: -XX:+ShowCodeDetailsInExceptionMessages -agentlib:jdwp=transport=dt_socket,suspend=y,address=localhost:63765 -ea -javaagent:C:\Users\andyl\eclipse\java-2022-06\eclipse\configuration\org.eclipse.osgi\215\0\.cp\lib\javaagent-shaded.jar -Dfile.encoding=UTF-8 org.eclipse.jdt.internal.junit.runner.RemoteTestRunner -version 3 -port 63764 -testLoaderClass org.eclipse.jdt.internal.junit.runner.junit3.JUnit3TestLoader -loaderpluginname org.eclipse.jdt.junit.runtime -classNames TestMoney

Host: Intel(R) Core(TM) i3-8145U CPU @ 2.10GHz, 4 cores, 7G,  Windows 11 , 64 bit Build 22000 (10.0.22000.1335)
Time: Sun Jan 29 00:06:19 2023 Central Standard Time elapsed time: 629.547601 seconds (0d 0h 10m 29s)

---------------  T H R E A D  ---------------

Current thread (0x0000023830ed62c0):  JavaThread "JDWP Transport Listener: dt_socket" daemon [_thread_in_vm, id=18368, stack(0x0000006db6900000,0x0000006db6a00000)]

Stack: [0x0000006db6900000,0x0000006db6a00000],  sp=0x0000006db69ff2e0,  free space=1020k
Native frames: (J=compiled Java code, j=interpreted, Vv=VM code, C=native code)
V  [jvm.dll+0x79fa7a]
V  [jvm.dll+0x50963c]
V  [jvm.dll+0x4d0ca4]
C  [jdwp.dll+0x22f7b]


siginfo: EXCEPTION_ACCESS_VIOLATION (0xc0000005), reading address 0x00000000002d0016


Register to memory mapping:

RIP=0x00007ff877e1fa7a jvm.dll
RAX=0x000000000000008b is an unknown value
RBX=0x0000023830ddfe36 points into unknown readable memory: 4d 6f
RCX=0x00000000002d0012 is an unknown value
RDX=0x0000023831842c70 points into unknown readable memory: 0x6d77752f7564654c | 4c 65 64 75 2f 75 77 6d
RSP=0x0000006db69ff2e0 is pointing into the stack for thread: 0x0000023830ed62c0
RBP=0x0000023830ed1970 points into unknown readable memory: 0x0000000000000002 | 02 00 00 00 00 00 00 00
RSI=0x0 is NULL
RDI=0xffffffffffffffff is an unknown value
R8 =0x0000000000000042 is an unknown value
R9 =0x000000000000003d is an unknown value
R10=0x0000000000000040 is an unknown value
R11=0x0000006db69ff300 is pointing into the stack for thread: 0x0000023830ed62c0
R12=0x0000006db69ff438 is pointing into the stack for thread: 0x0000023830ed62c0
R13=0x0 is NULL
R14=0x000000010010e7a8 is a pointer to class: 
edu.uwm.cs351.Money {0x000000010010e7b0}
 - instance size:     3
 - klass size:        77
 - access:            public synchronized 
 - state:             fully_initialized
 - name:              'edu/uwm/cs351/Money'
 - super:             'java/lang/Object'
 - sub:               
 - arrays:            NULL
 - methods:           Array<T>(0x0000023831e09fa8)
 - method ordering:   Array<T>(0x0000023831e0abd8)
 - default_methods:   Array<T>(0x0000000000000000)
 - local interfaces:  Array<T>(0x0000023831c75270)
 - trans. interfaces: Array<T>(0x0000023831c75270)
 - constants:         constant pool [141] {0x0000023831e0b6e8} for 'edu/uwm/cs351/Money' cache=0x0000023831e0bbe8
 - class loader data:  loader data: 0x0000023830e06630 for instance a 'jdk/internal/loader/ClassLoaders$AppClassLoader'{0x0000000089d9ad80}
 - source file:       'Money.java'
 - source debug extension:       SMAP
Money.java
Java
*S jdt
*F
1 Money.java
2 file:/C:/Users/andyl/git/homework-1-AndrewAlien/bin/
*L
*E

 - class annotations:       Array<T>(0x0000000000000000)
 - class type annotations:  Array<T>(0x0000000000000000)
 - field annotations:       Array<T>(0x0000000000000000)
 - field type annotations:  Array<T>(0x0000000000000000)
 - previous version:  constant pool [139] {0x0000023831c74d80} for 'edu/uwm/cs351/Money' (extra) cache=0x0000023831e02000
 - generic signature: '
[error occurred during error reporting (printing register info), id 0xc0000005, EXCEPTION_ACCESS_VIOLATION (0xc0000005) at pc=0x00007ff877e20686]

Registers:
RAX=0x000000000000008b, RBX=0x0000023830ddfe36, RCX=0x00000000002d0012, RDX=0x0000023831842c70
RSP=0x0000006db69ff2e0, RBP=0x0000023830ed1970, RSI=0x0000000000000000, RDI=0xffffffffffffffff
R8 =0x0000000000000042, R9 =0x000000000000003d, R10=0x0000000000000040, R11=0x0000006db69ff300
R12=0x0000006db69ff438, R13=0x0000000000000000, R14=0x000000010010e7a8, R15=0x0000006db69ff488
RIP=0x00007ff877e1fa7a, EFLAGS=0x0000000000010202

Top of Stack: (sp=0x0000006db69ff2e0)
0x0000006db69ff2e0:   0000000000000013 000000010010e7a8
0x0000006db69ff2f0:   0000023830ed62c0 0000000000000000
0x0000006db69ff300:   ffffffffffffffff 00007ff877b8963c
0x0000006db69ff310:   0000023830ddfe36 0000023830ddfe20
0x0000006db69ff320:   0000023830ed1970 00000238315f19c0
0x0000006db69ff330:   0000023830ddfdf0 00000000000003d8
0x0000006db69ff340:   0000023830ddfe00 0000023830de01d8
0x0000006db69ff350:   0000000000000002 0000006db69ff438
0x0000006db69ff360:   0000000000000000 0000000000000000
0x0000006db69ff370:   00000000895c2e80 00007ff877b50ca4
0x0000006db69ff380:   0000023830ed62c0 0000006db69ff488
0x0000006db69ff390:   0000023816b16760 0000006db69ff488
0x0000006db69ff3a0:   0000023830ed62c0 0000000000000000
0x0000006db69ff3b0:   0000023800000000 0000000000000000
0x0000006db69ff3c0:   000000000000000d 00007ff8e3392f7b
0x0000006db69ff3d0:   0000006db69ff480 00007ff8e33a1600 

Instructions: (pc=0x00007ff877e1fa7a)
0x00007ff877e1f97a:   48 83 c4 20 5f e9 6c 69 90 ff cc cc cc cc cc cc
0x00007ff877e1f98a:   cc cc cc cc cc cc 48 89 5c 24 08 57 48 83 ec 20
0x00007ff877e1f99a:   83 fa 02 8d 42 06 b9 08 00 00 00 49 8b d8 0f 4e
0x00007ff877e1f9aa:   c1 48 63 c8 48 83 c1 07 83 e1 f8 48 63 f9 49 8b
0x00007ff877e1f9ba:   48 18 48 8b c7 48 f7 d0 48 3b c1 73 16 4c 8d 05
0x00007ff877e1f9ca:   6a 58 17 00 48 8b d7 48 8b cb e8 77 cc 90 ff 48
0x00007ff877e1f9da:   8b 4b 18 48 8d 04 39 48 3b 43 20 76 18 45 33 c0
0x00007ff877e1f9ea:   48 8b d7 48 8b cb 48 8b 5c 24 30 48 83 c4 20 5f
0x00007ff877e1f9fa:   e9 d1 c8 90 ff 48 89 43 18 48 8b c1 48 8b 5c 24
0x00007ff877e1fa0a:   30 48 83 c4 20 5f c3 cc cc cc cc cc cc cc cc cc
0x00007ff877e1fa1a:   cc cc cc cc cc cc 4c 8b d2 4c 8b d9 45 85 c0 7e
0x00007ff877e1fa2a:   3c 44 0f b7 49 04 41 8d 40 ff 41 3b c1 44 0f 4c
0x00007ff877e1fa3a:   c8 4d 63 c1 45 85 c9 7e 1f 48 8b c2 4c 2b da 49
0x00007ff877e1fa4a:   8b d0 0f 1f 40 00 41 0f b6 4c 03 06 88 08 48 8d
0x00007ff877e1fa5a:   40 01 48 83 ea 01 75 ee 43 c6 04 10 00 49 8b c2
0x00007ff877e1fa6a:   c3 cc cc cc cc cc 48 89 5c 24 08 57 48 83 ec 20
0x00007ff877e1fa7a:   0f b7 59 04 48 8b f9 33 d2 48 8d 4b 01 e8 c4 d9
0x00007ff877e1fa8a:   f2 ff 0f b7 57 04 4c 8b c0 3b da 0f 42 d3 44 8b
0x00007ff877e1fa9a:   ca 85 d2 74 39 48 2b f8 0f 1f 40 00 66 66 0f 1f
0x00007ff877e1faaa:   84 00 00 00 00 00 0f b6 4c 07 06 88 08 48 ff c0
0x00007ff877e1faba:   48 8b c8 49 2b c8 49 3b c9 7c eb 42 c6 04 02 00
0x00007ff877e1faca:   49 8b c0 48 8b 5c 24 30 48 83 c4 20 5f c3 48 8b
0x00007ff877e1fada:   5c 24 30 c6 04 02 00 48 83 c4 20 5f c3 cc cc cc
0x00007ff877e1faea:   cc cc cc cc cc cc 4c 8b d1 45 85 c0 7e 6c 44 0f
0x00007ff877e1fafa:   b7 49 04 41 8d 40 ff 41 3b c1 44 0f 4c c8 4d 63
0x00007ff877e1fb0a:   d9 45 85 c9 7e 22 48 8b ca 4c 2b d2 4d 8b c3 0f
0x00007ff877e1fb1a:   1f 80 00 00 00 00 41 0f b6 44 0a 06 88 01 48 8d
0x00007ff877e1fb2a:   49 01 49 83 e8 01 75 ee 41 c6 04 13 00 48 c7 c0
0x00007ff877e1fb3a:   ff ff ff ff 66 90 48 ff c0 80 3c 02 00 75 f7 48
0x00007ff877e1fb4a:   63 c8 85 c0 48 8b c2 7e 14 80 38 2f 75 03 c6 00
0x00007ff877e1fb5a:   2e 48 ff c0 48 83 e9 01 75 ef 48 8b c2 c3 cc cc
0x00007ff877e1fb6a:   cc cc cc cc cc cc 48 83 ec 28 e8 f7 fe ff ff 4c 


Stack slot to memory mapping:
stack at sp + 0 slots: 0x0000000000000013 is an unknown value
stack at sp + 1 slots: 0x000000010010e7a8 is a pointer to class: 
edu.uwm.cs351.Money {0x000000010010e7b0}
 - instance size:     3
 - klass size:        77
 - access:            public synchronized 
 - state:             fully_initialized
 - name:              'edu/uwm/cs351/Money'
 - super:             'java/lang/Object'
 - sub:               
 - arrays:            NULL
 - methods:           Array<T>(0x0000023831e09fa8)
 - method ordering:   Array<T>(0x0000023831e0abd8)
 - default_methods:   Array<T>(0x0000000000000000)
 - local interfaces:  Array<T>(0x0000023831c75270)
 - trans. interfaces: Array<T>(0x0000023831c75270)
 - constants:         constant pool [141] {0x0000023831e0b6e8} for 'edu/uwm/cs351/Money' cache=0x0000023831e0bbe8
 - class loader data:  loader data: 0x0000023830e06630 for instance a 'jdk/internal/loader/ClassLoaders$AppClassLoader'{0x0000000089d9ad80}
 - source file:       'Money.java'
 - source debug extension:       SMAP
Money.java
Java
*S jdt
*F
1 Money.java
2 file:/C:/Users/andyl/git/homework-1-AndrewAlien/bin/
*L
*E

 - class annotations:       Array<T>(0x0000000000000000)
 - class type annotations:  Array<T>(0x0000000000000000)
 - field annotations:       Array<T>(0x0000000000000000)
 - field type annotations:  Array<T>(0x0000000000000000)
 - previous version:  constant pool [139] {0x0000023831c74d80} for 'edu/uwm/cs351/Money' (extra) cache=0x0000023831e02000
 - generic signature: '
[error occurred during error reporting (inspecting top of stack), id 0xc0000005, EXCEPTION_ACCESS_VIOLATION (0xc0000005) at pc=0x00007ff877e20686]


---------------  P R O C E S S  ---------------

Threads class SMR info:
_java_thread_list=0x00000238315f38e0, length=15, elements={
0x0000023816b27fe0, 0x000002383020d280, 0x000002383020e660, 0x0000023830239fb0,
0x000002383023a870, 0x000002383023c070, 0x0000023830c3f150, 0x0000023830c444c0,
0x0000023830c464e0, 0x0000023830c60560, 0x0000023830c3e7b0, 0x0000023830ed62c0,
0x0000023830f07220, 0x0000023830f09830, 0x0000023830c3faf0
}

Java Threads: ( => current thread )
  0x0000023816b27fe0 JavaThread "main" [_thread_blocked, id=17800, stack(0x0000006db5800000,0x0000006db5900000)]
  0x000002383020d280 JavaThread "Reference Handler" daemon [_thread_blocked, id=4392, stack(0x0000006db5f00000,0x0000006db6000000)]
  0x000002383020e660 JavaThread "Finalizer" daemon [_thread_blocked, id=27464, stack(0x0000006db6000000,0x0000006db6100000)]
  0x0000023830239fb0 JavaThread "Signal Dispatcher" daemon [_thread_blocked, id=25512, stack(0x0000006db6100000,0x0000006db6200000)]
  0x000002383023a870 JavaThread "Attach Listener" daemon [_thread_blocked, id=24856, stack(0x0000006db6200000,0x0000006db6300000)]
  0x000002383023c070 JavaThread "Service Thread" daemon [_thread_blocked, id=7556, stack(0x0000006db6300000,0x0000006db6400000)]
  0x0000023830c3f150 JavaThread "Monitor Deflation Thread" daemon [_thread_blocked, id=12328, stack(0x0000006db6400000,0x0000006db6500000)]
  0x0000023830c444c0 JavaThread "C2 CompilerThread0" daemon [_thread_blocked, id=27040, stack(0x0000006db6500000,0x0000006db6600000)]
  0x0000023830c464e0 JavaThread "C1 CompilerThread0" daemon [_thread_blocked, id=13036, stack(0x0000006db6600000,0x0000006db6700000)]
  0x0000023830c60560 JavaThread "Sweeper thread" daemon [_thread_blocked, id=25088, stack(0x0000006db6700000,0x0000006db6800000)]
  0x0000023830c3e7b0 JavaThread "Common-Cleaner" daemon [_thread_blocked, id=27468, stack(0x0000006db6800000,0x0000006db6900000)]
=>0x0000023830ed62c0 JavaThread "JDWP Transport Listener: dt_socket" daemon [_thread_in_vm, id=18368, stack(0x0000006db6900000,0x0000006db6a00000)]
  0x0000023830f07220 JavaThread "JDWP Event Helper Thread" daemon [_thread_blocked, id=10556, stack(0x0000006db6a00000,0x0000006db6b00000)]
  0x0000023830f09830 JavaThread "JDWP Command Reader" daemon [_thread_in_native, id=20728, stack(0x0000006db6b00000,0x0000006db6c00000)]
  0x0000023830c3faf0 JavaThread "Notification Thread" daemon [_thread_blocked, id=19336, stack(0x0000006db6c00000,0x0000006db6d00000)]

Other Threads:
  0x000002383022f8a0 VMThread "VM Thread" [stack: 0x0000006db5e00000,0x0000006db5f00000] [id=17884]
  0x0000023816bda2f0 WatcherThread [stack: 0x0000006db6d00000,0x0000006db6e00000] [id=20788]
  0x0000023816b7e380 GCTaskThread "GC Thread#0" [stack: 0x0000006db5900000,0x0000006db5a00000] [id=20192]
  0x0000023816b8f800 ConcurrentGCThread "G1 Main Marker" [stack: 0x0000006db5a00000,0x0000006db5b00000] [id=26320]
  0x0000023816b90210 ConcurrentGCThread "G1 Conc#0" [stack: 0x0000006db5b00000,0x0000006db5c00000] [id=4876]
  0x0000023816bfe8e0 ConcurrentGCThread "G1 Refine#0" [stack: 0x0000006db5c00000,0x0000006db5d00000] [id=26592]
  0x0000023830084a80 ConcurrentGCThread "G1 Service" [stack: 0x0000006db5d00000,0x0000006db5e00000] [id=5796]

Threads with active compile tasks:

VM state: not at safepoint (normal execution)

VM Mutex/Monitor currently owned by a thread: None

Heap address: 0x0000000081e00000, size: 2018 MB, Compressed Oops mode: 32-bit

CDS archive(s) not mapped
Compressed class space mapped at: 0x0000000100000000-0x0000000140000000, reserved size: 1073741824
Narrow klass base: 0x0000000000000000, Narrow klass shift: 3, Narrow klass range: 0x140000000

GC Precious Log:
 CPUs: 4 total, 4 available
 Memory: 8069M
 Large Page Support: Disabled
 NUMA Support: Disabled
 Compressed Oops: Enabled (32-bit)
 Heap Region Size: 1M
 Heap Min Capacity: 8M
 Heap Initial Capacity: 128M
 Heap Max Capacity: 2018M
 Pre-touch: Disabled
 Parallel Workers: 4
 Concurrent Workers: 1
 Concurrent Refinement Workers: 4
 Periodic GC: Disabled

Heap:
 garbage-first heap   total 131072K, used 10240K [0x0000000081e00000, 0x0000000100000000)
  region size 1024K, 11 young (11264K), 0 survivors (0K)
 Metaspace       used 10887K, committed 11008K, reserved 1064960K
  class space    used 965K, committed 1024K, reserved 1048576K

Heap Regions: E=young(eden), S=young(survivor), O=old, HS=humongous(starts), HC=humongous(continues), CS=collection set, F=free, OA=open archive, CA=closed archive, TAMS=top-at-mark-start (previous, next)
|   0|0x0000000081e00000, 0x0000000081e00000, 0x0000000081f00000|  0%| F|  |TAMS 0x0000000081e00000, 0x0000000081e00000| Untracked 
|   1|0x0000000081f00000, 0x0000000081f00000, 0x0000000082000000|  0%| F|  |TAMS 0x0000000081f00000, 0x0000000081f00000| Untracked 
|   2|0x0000000082000000, 0x0000000082000000, 0x0000000082100000|  0%| F|  |TAMS 0x0000000082000000, 0x0000000082000000| Untracked 
|   3|0x0000000082100000, 0x0000000082100000, 0x0000000082200000|  0%| F|  |TAMS 0x0000000082100000, 0x0000000082100000| Untracked 
|   4|0x0000000082200000, 0x0000000082200000, 0x0000000082300000|  0%| F|  |TAMS 0x0000000082200000, 0x0000000082200000| Untracked 
|   5|0x0000000082300000, 0x0000000082300000, 0x0000000082400000|  0%| F|  |TAMS 0x0000000082300000, 0x0000000082300000| Untracked 
|   6|0x0000000082400000, 0x0000000082400000, 0x0000000082500000|  0%| F|  |TAMS 0x0000000082400000, 0x0000000082400000| Untracked 
|   7|0x0000000082500000, 0x0000000082500000, 0x0000000082600000|  0%| F|  |TAMS 0x0000000082500000, 0x0000000082500000| Untracked 
|   8|0x0000000082600000, 0x0000000082600000, 0x0000000082700000|  0%| F|  |TAMS 0x0000000082600000, 0x0000000082600000| Untracked 
|   9|0x0000000082700000, 0x0000000082700000, 0x0000000082800000|  0%| F|  |TAMS 0x0000000082700000, 0x0000000082700000| Untracked 
|  10|0x0000000082800000, 0x0000000082800000, 0x0000000082900000|  0%| F|  |TAMS 0x0000000082800000, 0x0000000082800000| Untracked 
|  11|0x0000000082900000, 0x0000000082900000, 0x0000000082a00000|  0%| F|  |TAMS 0x0000000082900000, 0x0000000082900000| Untracked 
|  12|0x0000000082a00000, 0x0000000082a00000, 0x0000000082b00000|  0%| F|  |TAMS 0x0000000082a00000, 0x0000000082a00000| Untracked 
|  13|0x0000000082b00000, 0x0000000082b00000, 0x0000000082c00000|  0%| F|  |TAMS 0x0000000082b00000, 0x0000000082b00000| Untracked 
|  14|0x0000000082c00000, 0x0000000082c00000, 0x0000000082d00000|  0%| F|  |TAMS 0x0000000082c00000, 0x0000000082c00000| Untracked 
|  15|0x0000000082d00000, 0x0000000082d00000, 0x0000000082e00000|  0%| F|  |TAMS 0x0000000082d00000, 0x0000000082d00000| Untracked 
|  16|0x0000000082e00000, 0x0000000082e00000, 0x0000000082f00000|  0%| F|  |TAMS 0x0000000082e00000, 0x0000000082e00000| Untracked 
|  17|0x0000000082f00000, 0x0000000082f00000, 0x0000000083000000|  0%| F|  |TAMS 0x0000000082f00000, 0x0000000082f00000| Untracked 
|  18|0x0000000083000000, 0x0000000083000000, 0x0000000083100000|  0%| F|  |TAMS 0x0000000083000000, 0x0000000083000000| Untracked 
|  19|0x0000000083100000, 0x0000000083100000, 0x0000000083200000|  0%| F|  |TAMS 0x0000000083100000, 0x0000000083100000| Untracked 
|  20|0x0000000083200000, 0x0000000083200000, 0x0000000083300000|  0%| F|  |TAMS 0x0000000083200000, 0x0000000083200000| Untracked 
|  21|0x0000000083300000, 0x0000000083300000, 0x0000000083400000|  0%| F|  |TAMS 0x0000000083300000, 0x0000000083300000| Untracked 
|  22|0x0000000083400000, 0x0000000083400000, 0x0000000083500000|  0%| F|  |TAMS 0x0000000083400000, 0x0000000083400000| Untracked 
|  23|0x0000000083500000, 0x0000000083500000, 0x0000000083600000|  0%| F|  |TAMS 0x0000000083500000, 0x0000000083500000| Untracked 
|  24|0x0000000083600000, 0x0000000083600000, 0x0000000083700000|  0%| F|  |TAMS 0x0000000083600000, 0x0000000083600000| Untracked 
|  25|0x0000000083700000, 0x0000000083700000, 0x0000000083800000|  0%| F|  |TAMS 0x0000000083700000, 0x0000000083700000| Untracked 
|  26|0x0000000083800000, 0x0000000083800000, 0x0000000083900000|  0%| F|  |TAMS 0x0000000083800000, 0x0000000083800000| Untracked 
|  27|0x0000000083900000, 0x0000000083900000, 0x0000000083a00000|  0%| F|  |TAMS 0x0000000083900000, 0x0000000083900000| Untracked 
|  28|0x0000000083a00000, 0x0000000083a00000, 0x0000000083b00000|  0%| F|  |TAMS 0x0000000083a00000, 0x0000000083a00000| Untracked 
|  29|0x0000000083b00000, 0x0000000083b00000, 0x0000000083c00000|  0%| F|  |TAMS 0x0000000083b00000, 0x0000000083b00000| Untracked 
|  30|0x0000000083c00000, 0x0000000083c00000, 0x0000000083d00000|  0%| F|  |TAMS 0x0000000083c00000, 0x0000000083c00000| Untracked 
|  31|0x0000000083d00000, 0x0000000083d00000, 0x0000000083e00000|  0%| F|  |TAMS 0x0000000083d00000, 0x0000000083d00000| Untracked 
|  32|0x0000000083e00000, 0x0000000083e00000, 0x0000000083f00000|  0%| F|  |TAMS 0x0000000083e00000, 0x0000000083e00000| Untracked 
|  33|0x0000000083f00000, 0x0000000083f00000, 0x0000000084000000|  0%| F|  |TAMS 0x0000000083f00000, 0x0000000083f00000| Untracked 
|  34|0x0000000084000000, 0x0000000084000000, 0x0000000084100000|  0%| F|  |TAMS 0x0000000084000000, 0x0000000084000000| Untracked 
|  35|0x0000000084100000, 0x0000000084100000, 0x0000000084200000|  0%| F|  |TAMS 0x0000000084100000, 0x0000000084100000| Untracked 
|  36|0x0000000084200000, 0x0000000084200000, 0x0000000084300000|  0%| F|  |TAMS 0x0000000084200000, 0x0000000084200000| Untracked 
|  37|0x0000000084300000, 0x0000000084300000, 0x0000000084400000|  0%| F|  |TAMS 0x0000000084300000, 0x0000000084300000| Untracked 
|  38|0x0000000084400000, 0x0000000084400000, 0x0000000084500000|  0%| F|  |TAMS 0x0000000084400000, 0x0000000084400000| Untracked 
|  39|0x0000000084500000, 0x0000000084500000, 0x0000000084600000|  0%| F|  |TAMS 0x0000000084500000, 0x0000000084500000| Untracked 
|  40|0x0000000084600000, 0x0000000084600000, 0x0000000084700000|  0%| F|  |TAMS 0x0000000084600000, 0x0000000084600000| Untracked 
|  41|0x0000000084700000, 0x0000000084700000, 0x0000000084800000|  0%| F|  |TAMS 0x0000000084700000, 0x0000000084700000| Untracked 
|  42|0x0000000084800000, 0x0000000084800000, 0x0000000084900000|  0%| F|  |TAMS 0x0000000084800000, 0x0000000084800000| Untracked 
|  43|0x0000000084900000, 0x0000000084900000, 0x0000000084a00000|  0%| F|  |TAMS 0x0000000084900000, 0x0000000084900000| Untracked 
|  44|0x0000000084a00000, 0x0000000084a00000, 0x0000000084b00000|  0%| F|  |TAMS 0x0000000084a00000, 0x0000000084a00000| Untracked 
|  45|0x0000000084b00000, 0x0000000084b00000, 0x0000000084c00000|  0%| F|  |TAMS 0x0000000084b00000, 0x0000000084b00000| Untracked 
|  46|0x0000000084c00000, 0x0000000084c00000, 0x0000000084d00000|  0%| F|  |TAMS 0x0000000084c00000, 0x0000000084c00000| Untracked 
|  47|0x0000000084d00000, 0x0000000084d00000, 0x0000000084e00000|  0%| F|  |TAMS 0x0000000084d00000, 0x0000000084d00000| Untracked 
|  48|0x0000000084e00000, 0x0000000084e00000, 0x0000000084f00000|  0%| F|  |TAMS 0x0000000084e00000, 0x0000000084e00000| Untracked 
|  49|0x0000000084f00000, 0x0000000084f00000, 0x0000000085000000|  0%| F|  |TAMS 0x0000000084f00000, 0x0000000084f00000| Untracked 
|  50|0x0000000085000000, 0x0000000085000000, 0x0000000085100000|  0%| F|  |TAMS 0x0000000085000000, 0x0000000085000000| Untracked 
|  51|0x0000000085100000, 0x0000000085100000, 0x0000000085200000|  0%| F|  |TAMS 0x0000000085100000, 0x0000000085100000| Untracked 
|  52|0x0000000085200000, 0x0000000085200000, 0x0000000085300000|  0%| F|  |TAMS 0x0000000085200000, 0x0000000085200000| Untracked 
|  53|0x0000000085300000, 0x0000000085300000, 0x0000000085400000|  0%| F|  |TAMS 0x0000000085300000, 0x0000000085300000| Untracked 
|  54|0x0000000085400000, 0x0000000085400000, 0x0000000085500000|  0%| F|  |TAMS 0x0000000085400000, 0x0000000085400000| Untracked 
|  55|0x0000000085500000, 0x0000000085500000, 0x0000000085600000|  0%| F|  |TAMS 0x0000000085500000, 0x0000000085500000| Untracked 
|  56|0x0000000085600000, 0x0000000085600000, 0x0000000085700000|  0%| F|  |TAMS 0x0000000085600000, 0x0000000085600000| Untracked 
|  57|0x0000000085700000, 0x0000000085700000, 0x0000000085800000|  0%| F|  |TAMS 0x0000000085700000, 0x0000000085700000| Untracked 
|  58|0x0000000085800000, 0x0000000085800000, 0x0000000085900000|  0%| F|  |TAMS 0x0000000085800000, 0x0000000085800000| Untracked 
|  59|0x0000000085900000, 0x0000000085900000, 0x0000000085a00000|  0%| F|  |TAMS 0x0000000085900000, 0x0000000085900000| Untracked 
|  60|0x0000000085a00000, 0x0000000085a00000, 0x0000000085b00000|  0%| F|  |TAMS 0x0000000085a00000, 0x0000000085a00000| Untracked 
|  61|0x0000000085b00000, 0x0000000085b00000, 0x0000000085c00000|  0%| F|  |TAMS 0x0000000085b00000, 0x0000000085b00000| Untracked 
|  62|0x0000000085c00000, 0x0000000085c00000, 0x0000000085d00000|  0%| F|  |TAMS 0x0000000085c00000, 0x0000000085c00000| Untracked 
|  63|0x0000000085d00000, 0x0000000085d00000, 0x0000000085e00000|  0%| F|  |TAMS 0x0000000085d00000, 0x0000000085d00000| Untracked 
|  64|0x0000000085e00000, 0x0000000085e00000, 0x0000000085f00000|  0%| F|  |TAMS 0x0000000085e00000, 0x0000000085e00000| Untracked 
|  65|0x0000000085f00000, 0x0000000085f00000, 0x0000000086000000|  0%| F|  |TAMS 0x0000000085f00000, 0x0000000085f00000| Untracked 
|  66|0x0000000086000000, 0x0000000086000000, 0x0000000086100000|  0%| F|  |TAMS 0x0000000086000000, 0x0000000086000000| Untracked 
|  67|0x0000000086100000, 0x0000000086100000, 0x0000000086200000|  0%| F|  |TAMS 0x0000000086100000, 0x0000000086100000| Untracked 
|  68|0x0000000086200000, 0x0000000086200000, 0x0000000086300000|  0%| F|  |TAMS 0x0000000086200000, 0x0000000086200000| Untracked 
|  69|0x0000000086300000, 0x0000000086300000, 0x0000000086400000|  0%| F|  |TAMS 0x0000000086300000, 0x0000000086300000| Untracked 
|  70|0x0000000086400000, 0x0000000086400000, 0x0000000086500000|  0%| F|  |TAMS 0x0000000086400000, 0x0000000086400000| Untracked 
|  71|0x0000000086500000, 0x0000000086500000, 0x0000000086600000|  0%| F|  |TAMS 0x0000000086500000, 0x0000000086500000| Untracked 
|  72|0x0000000086600000, 0x0000000086600000, 0x0000000086700000|  0%| F|  |TAMS 0x0000000086600000, 0x0000000086600000| Untracked 
|  73|0x0000000086700000, 0x0000000086700000, 0x0000000086800000|  0%| F|  |TAMS 0x0000000086700000, 0x0000000086700000| Untracked 
|  74|0x0000000086800000, 0x0000000086800000, 0x0000000086900000|  0%| F|  |TAMS 0x0000000086800000, 0x0000000086800000| Untracked 
|  75|0x0000000086900000, 0x0000000086900000, 0x0000000086a00000|  0%| F|  |TAMS 0x0000000086900000, 0x0000000086900000| Untracked 
|  76|0x0000000086a00000, 0x0000000086a00000, 0x0000000086b00000|  0%| F|  |TAMS 0x0000000086a00000, 0x0000000086a00000| Untracked 
|  77|0x0000000086b00000, 0x0000000086b00000, 0x0000000086c00000|  0%| F|  |TAMS 0x0000000086b00000, 0x0000000086b00000| Untracked 
|  78|0x0000000086c00000, 0x0000000086c00000, 0x0000000086d00000|  0%| F|  |TAMS 0x0000000086c00000, 0x0000000086c00000| Untracked 
|  79|0x0000000086d00000, 0x0000000086d00000, 0x0000000086e00000|  0%| F|  |TAMS 0x0000000086d00000, 0x0000000086d00000| Untracked 
|  80|0x0000000086e00000, 0x0000000086e00000, 0x0000000086f00000|  0%| F|  |TAMS 0x0000000086e00000, 0x0000000086e00000| Untracked 
|  81|0x0000000086f00000, 0x0000000086f00000, 0x0000000087000000|  0%| F|  |TAMS 0x0000000086f00000, 0x0000000086f00000| Untracked 
|  82|0x0000000087000000, 0x0000000087000000, 0x0000000087100000|  0%| F|  |TAMS 0x0000000087000000, 0x0000000087000000| Untracked 
|  83|0x0000000087100000, 0x0000000087100000, 0x0000000087200000|  0%| F|  |TAMS 0x0000000087100000, 0x0000000087100000| Untracked 
|  84|0x0000000087200000, 0x0000000087200000, 0x0000000087300000|  0%| F|  |TAMS 0x0000000087200000, 0x0000000087200000| Untracked 
|  85|0x0000000087300000, 0x0000000087300000, 0x0000000087400000|  0%| F|  |TAMS 0x0000000087300000, 0x0000000087300000| Untracked 
|  86|0x0000000087400000, 0x0000000087400000, 0x0000000087500000|  0%| F|  |TAMS 0x0000000087400000, 0x0000000087400000| Untracked 
|  87|0x0000000087500000, 0x0000000087500000, 0x0000000087600000|  0%| F|  |TAMS 0x0000000087500000, 0x0000000087500000| Untracked 
|  88|0x0000000087600000, 0x0000000087600000, 0x0000000087700000|  0%| F|  |TAMS 0x0000000087600000, 0x0000000087600000| Untracked 
|  89|0x0000000087700000, 0x0000000087700000, 0x0000000087800000|  0%| F|  |TAMS 0x0000000087700000, 0x0000000087700000| Untracked 
|  90|0x0000000087800000, 0x0000000087800000, 0x0000000087900000|  0%| F|  |TAMS 0x0000000087800000, 0x0000000087800000| Untracked 
|  91|0x0000000087900000, 0x0000000087900000, 0x0000000087a00000|  0%| F|  |TAMS 0x0000000087900000, 0x0000000087900000| Untracked 
|  92|0x0000000087a00000, 0x0000000087a00000, 0x0000000087b00000|  0%| F|  |TAMS 0x0000000087a00000, 0x0000000087a00000| Untracked 
|  93|0x0000000087b00000, 0x0000000087b00000, 0x0000000087c00000|  0%| F|  |TAMS 0x0000000087b00000, 0x0000000087b00000| Untracked 
|  94|0x0000000087c00000, 0x0000000087c00000, 0x0000000087d00000|  0%| F|  |TAMS 0x0000000087c00000, 0x0000000087c00000| Untracked 
|  95|0x0000000087d00000, 0x0000000087d00000, 0x0000000087e00000|  0%| F|  |TAMS 0x0000000087d00000, 0x0000000087d00000| Untracked 
|  96|0x0000000087e00000, 0x0000000087e00000, 0x0000000087f00000|  0%| F|  |TAMS 0x0000000087e00000, 0x0000000087e00000| Untracked 
|  97|0x0000000087f00000, 0x0000000087f00000, 0x0000000088000000|  0%| F|  |TAMS 0x0000000087f00000, 0x0000000087f00000| Untracked 
|  98|0x0000000088000000, 0x0000000088000000, 0x0000000088100000|  0%| F|  |TAMS 0x0000000088000000, 0x0000000088000000| Untracked 
|  99|0x0000000088100000, 0x0000000088100000, 0x0000000088200000|  0%| F|  |TAMS 0x0000000088100000, 0x0000000088100000| Untracked 
| 100|0x0000000088200000, 0x0000000088200000, 0x0000000088300000|  0%| F|  |TAMS 0x0000000088200000, 0x0000000088200000| Untracked 
| 101|0x0000000088300000, 0x0000000088300000, 0x0000000088400000|  0%| F|  |TAMS 0x0000000088300000, 0x0000000088300000| Untracked 
| 102|0x0000000088400000, 0x0000000088400000, 0x0000000088500000|  0%| F|  |TAMS 0x0000000088400000, 0x0000000088400000| Untracked 
| 103|0x0000000088500000, 0x0000000088500000, 0x0000000088600000|  0%| F|  |TAMS 0x0000000088500000, 0x0000000088500000| Untracked 
| 104|0x0000000088600000, 0x0000000088600000, 0x0000000088700000|  0%| F|  |TAMS 0x0000000088600000, 0x0000000088600000| Untracked 
| 105|0x0000000088700000, 0x0000000088700000, 0x0000000088800000|  0%| F|  |TAMS 0x0000000088700000, 0x0000000088700000| Untracked 
| 106|0x0000000088800000, 0x0000000088800000, 0x0000000088900000|  0%| F|  |TAMS 0x0000000088800000, 0x0000000088800000| Untracked 
| 107|0x0000000088900000, 0x0000000088900000, 0x0000000088a00000|  0%| F|  |TAMS 0x0000000088900000, 0x0000000088900000| Untracked 
| 108|0x0000000088a00000, 0x0000000088a00000, 0x0000000088b00000|  0%| F|  |TAMS 0x0000000088a00000, 0x0000000088a00000| Untracked 
| 109|0x0000000088b00000, 0x0000000088b00000, 0x0000000088c00000|  0%| F|  |TAMS 0x0000000088b00000, 0x0000000088b00000| Untracked 
| 110|0x0000000088c00000, 0x0000000088c00000, 0x0000000088d00000|  0%| F|  |TAMS 0x0000000088c00000, 0x0000000088c00000| Untracked 
| 111|0x0000000088d00000, 0x0000000088d00000, 0x0000000088e00000|  0%| F|  |TAMS 0x0000000088d00000, 0x0000000088d00000| Untracked 
| 112|0x0000000088e00000, 0x0000000088e00000, 0x0000000088f00000|  0%| F|  |TAMS 0x0000000088e00000, 0x0000000088e00000| Untracked 
| 113|0x0000000088f00000, 0x0000000088f00000, 0x0000000089000000|  0%| F|  |TAMS 0x0000000088f00000, 0x0000000088f00000| Untracked 
| 114|0x0000000089000000, 0x0000000089000000, 0x0000000089100000|  0%| F|  |TAMS 0x0000000089000000, 0x0000000089000000| Untracked 
| 115|0x0000000089100000, 0x0000000089100000, 0x0000000089200000|  0%| F|  |TAMS 0x0000000089100000, 0x0000000089100000| Untracked 
| 116|0x0000000089200000, 0x0000000089200000, 0x0000000089300000|  0%| F|  |TAMS 0x0000000089200000, 0x0000000089200000| Untracked 
| 117|0x0000000089300000, 0x0000000089343110, 0x0000000089400000| 26%| E|  |TAMS 0x0000000089300000, 0x0000000089300000| Complete 
| 118|0x0000000089400000, 0x0000000089500000, 0x0000000089500000|100%| E|CS|TAMS 0x0000000089400000, 0x0000000089400000| Complete 
| 119|0x0000000089500000, 0x0000000089600000, 0x0000000089600000|100%| E|CS|TAMS 0x0000000089500000, 0x0000000089500000| Complete 
| 120|0x0000000089600000, 0x0000000089700000, 0x0000000089700000|100%| E|CS|TAMS 0x0000000089600000, 0x0000000089600000| Complete 
| 121|0x0000000089700000, 0x0000000089800000, 0x0000000089800000|100%| E|CS|TAMS 0x0000000089700000, 0x0000000089700000| Complete 
| 122|0x0000000089800000, 0x0000000089900000, 0x0000000089900000|100%| E|CS|TAMS 0x0000000089800000, 0x0000000089800000| Complete 
| 123|0x0000000089900000, 0x0000000089a00000, 0x0000000089a00000|100%| E|CS|TAMS 0x0000000089900000, 0x0000000089900000| Complete 
| 124|0x0000000089a00000, 0x0000000089b00000, 0x0000000089b00000|100%| E|CS|TAMS 0x0000000089a00000, 0x0000000089a00000| Complete 
| 125|0x0000000089b00000, 0x0000000089c00000, 0x0000000089c00000|100%| E|CS|TAMS 0x0000000089b00000, 0x0000000089b00000| Complete 
| 126|0x0000000089c00000, 0x0000000089d00000, 0x0000000089d00000|100%| E|CS|TAMS 0x0000000089c00000, 0x0000000089c00000| Complete 
| 127|0x0000000089d00000, 0x0000000089e00000, 0x0000000089e00000|100%| E|CS|TAMS 0x0000000089d00000, 0x0000000089d00000| Complete 

Card table byte_map: [0x00000238295f0000,0x00000238299f0000] _byte_map_base: 0x00000238291e1000

Marking Bits (Prev, Next): (CMBitMap*) 0x0000023816b7e990, (CMBitMap*) 0x0000023816b7e9d0
 Prev Bits: [0x0000023829df0000, 0x000002382bd78000)
 Next Bits: [0x000002382bd80000, 0x000002382dd08000)

Polling page: 0x0000023814a70000

Metaspace:

Usage:
  Non-class:      9.69 MB used.
      Class:    965.00 KB used.
       Both:     10.63 MB used.

Virtual space:
  Non-class space:       16.00 MB reserved,       9.75 MB ( 61%) committed,  2 nodes.
      Class space:        1.00 GB reserved,       1.00 MB ( <1%) committed,  1 nodes.
             Both:        1.02 GB reserved,      10.75 MB (  1%) committed. 

Chunk freelists:
   Non-Class:  1.95 MB
       Class:  2.94 MB
        Both:  4.90 MB

MaxMetaspaceSize: unlimited
CompressedClassSpaceSize: 1.00 GB
Initial GC threshold: 21.00 MB
Current GC threshold: 21.00 MB
CDS: off
MetaspaceReclaimPolicy: balanced
 - commit_granule_bytes: 65536.
 - commit_granule_words: 8192.
 - virtual_space_node_default_size: 1048576.
 - enlarge_chunks_in_place: 1.
 - new_chunks_are_fully_committed: 0.
 - uncommit_free_chunks: 1.
 - use_allocation_guard: 0.
 - handle_deallocations: 1.


Internal statistics:

num_allocs_failed_limit: 0.
num_arena_births: 16.
num_arena_deaths: 0.
num_vsnodes_births: 3.
num_vsnodes_deaths: 0.
num_space_committed: 172.
num_space_uncommitted: 0.
num_chunks_returned_to_freelist: 0.
num_chunks_taken_from_freelist: 74.
num_chunk_merges: 0.
num_chunk_splits: 35.
num_chunks_enlarged: 24.
num_purges: 0.
num_inconsistent_stats: 0.

CodeHeap 'non-profiled nmethods': size=120000Kb used=224Kb max_used=224Kb free=119776Kb
 bounds [0x0000023821cc0000, 0x0000023821f30000, 0x00000238291f0000]
CodeHeap 'profiled nmethods': size=120000Kb used=1187Kb max_used=1187Kb free=118812Kb
 bounds [0x000002381a790000, 0x000002381aa00000, 0x0000023821cc0000]
CodeHeap 'non-nmethods': size=5760Kb used=1210Kb max_used=1226Kb free=4550Kb
 bounds [0x000002381a1f0000, 0x000002381a460000, 0x000002381a790000]
 total_blobs=1087 nmethods=658 adapters=342
 compilation: enabled
              stopped_count=0, restarted_count=0
 full_count=0

Compilation events (20 events):
Event: 1.276 Thread 0x0000023830c464e0  648  s    3       java.lang.StringBuffer::append (13 bytes)
Event: 1.276 Thread 0x0000023830c464e0 nmethod 648 0x000002381a8a4c90 code [0x000002381a8a4e40, 0x000002381a8a5068]
Event: 1.276 Thread 0x0000023830c464e0  650       3       java.net.URLStreamHandler::parseURL (1201 bytes)
Event: 1.276 Thread 0x00000238315a9a30  653       4       org.eclipse.jdt.launching.internal.org.objectweb.asm.Symbol::<init> (38 bytes)
Event: 1.281 Thread 0x00000238315a9a30 nmethod 653 0x0000023821cf6490 code [0x0000023821cf6600, 0x0000023821cf6958]
Event: 1.288 Thread 0x00000238315a9a30  658       4       java.lang.AbstractStringBuilder::append (45 bytes)
Event: 1.299 Thread 0x00000238315a9a30 nmethod 658 0x0000023821cf6a10 code [0x0000023821cf6ba0, 0x0000023821cf7238]
Event: 1.304 Thread 0x0000023830c464e0 nmethod 650 0x000002381a8a5110 code [0x000002381a8a62c0, 0x000002381a8b0c28]
Event: 1.304 Thread 0x0000023830c464e0  655       3       java.io.PrintWriter::ensureOpen (18 bytes)
Event: 1.304 Thread 0x0000023830c464e0 nmethod 655 0x000002381a8b5290 code [0x000002381a8b5440, 0x000002381a8b5668]
Event: 1.304 Thread 0x0000023830c464e0  654       3       org.eclipse.jdt.internal.junit.runner.RemoteTestRunner::escapeText (197 bytes)
Event: 1.306 Thread 0x0000023830c464e0 nmethod 654 0x000002381a8b5790 code [0x000002381a8b5c20, 0x000002381a8b7d18]
Event: 1.306 Thread 0x0000023830c464e0  656       1       java.nio.Buffer::capacity (5 bytes)
Event: 1.306 Thread 0x0000023830c464e0 nmethod 656 0x0000023821cf7710 code [0x0000023821cf78a0, 0x0000023821cf7978]
Event: 1.306 Thread 0x0000023830c464e0  657       1       java.util.concurrent.locks.AbstractOwnableSynchronizer::setExclusiveOwnerThread (6 bytes)
Event: 1.306 Thread 0x0000023830c464e0 nmethod 657 0x0000023821cf7a10 code [0x0000023821cf7ba0, 0x0000023821cf7cb8]
Event: 1.306 Thread 0x0000023830c464e0  651       3       sun.net.www.protocol.file.Handler::parseURL (18 bytes)
Event: 1.306 Thread 0x0000023830c464e0 nmethod 651 0x000002381a8b8810 code [0x000002381a8b89c0, 0x000002381a8b8b78]
Event: 1.306 Thread 0x0000023830c464e0  652       1       java.lang.NamedPackage::module (5 bytes)
Event: 1.306 Thread 0x0000023830c464e0 nmethod 652 0x0000023821cf7d10 code [0x0000023821cf7ea0, 0x0000023821cf7f78]

GC Heap History (0 events):
No events

Deoptimization events (20 events):
Event: 0.957 Thread 0x0000023816b27fe0 DEOPT PACKING pc=0x000002381a80942c sp=0x0000006db58f7e90
Event: 0.957 Thread 0x0000023816b27fe0 DEOPT UNPACKING pc=0x000002381a242b43 sp=0x0000006db58f72f8 mode 0
Event: 0.957 Thread 0x0000023816b27fe0 DEOPT PACKING pc=0x000002381a80942c sp=0x0000006db58f7e90
Event: 0.957 Thread 0x0000023816b27fe0 DEOPT UNPACKING pc=0x000002381a242b43 sp=0x0000006db58f72f8 mode 0
Event: 0.963 Thread 0x0000023816b27fe0 DEOPT PACKING pc=0x000002381a80942c sp=0x0000006db58f7e90
Event: 0.963 Thread 0x0000023816b27fe0 DEOPT UNPACKING pc=0x000002381a242b43 sp=0x0000006db58f72f8 mode 0
Event: 0.981 Thread 0x0000023816b27fe0 DEOPT PACKING pc=0x000002381a80942c sp=0x0000006db58fb8e0
Event: 0.981 Thread 0x0000023816b27fe0 DEOPT UNPACKING pc=0x000002381a242b43 sp=0x0000006db58fad48 mode 0
Event: 0.981 Thread 0x0000023816b27fe0 DEOPT PACKING pc=0x000002381a80942c sp=0x0000006db58fb8e0
Event: 0.981 Thread 0x0000023816b27fe0 DEOPT UNPACKING pc=0x000002381a242b43 sp=0x0000006db58fad48 mode 0
Event: 0.982 Thread 0x0000023816b27fe0 DEOPT PACKING pc=0x000002381a80942c sp=0x0000006db58fb8e0
Event: 0.982 Thread 0x0000023816b27fe0 DEOPT UNPACKING pc=0x000002381a242b43 sp=0x0000006db58fad48 mode 0
Event: 0.982 Thread 0x0000023816b27fe0 DEOPT PACKING pc=0x000002381a80942c sp=0x0000006db58fb8e0
Event: 0.982 Thread 0x0000023816b27fe0 DEOPT UNPACKING pc=0x000002381a242b43 sp=0x0000006db58fad48 mode 0
Event: 0.991 Thread 0x0000023816b27fe0 DEOPT PACKING pc=0x000002381a80942c sp=0x0000006db58f7e10
Event: 0.991 Thread 0x0000023816b27fe0 DEOPT UNPACKING pc=0x000002381a242b43 sp=0x0000006db58f7278 mode 0
Event: 1.021 Thread 0x0000023816b27fe0 DEOPT PACKING pc=0x000002381a7bc9ea sp=0x0000006db58fab80
Event: 1.021 Thread 0x0000023816b27fe0 DEOPT UNPACKING pc=0x000002381a242b43 sp=0x0000006db58f9fa0 mode 0
Event: 1.056 Thread 0x0000023816b27fe0 DEOPT PACKING pc=0x000002381a79c1d5 sp=0x0000006db58fa410
Event: 1.056 Thread 0x0000023816b27fe0 DEOPT UNPACKING pc=0x000002381a242b43 sp=0x0000006db58f9888 mode 0

Classes unloaded (0 events):
No events

Classes redefined (1 events):
Event: 629.288 Thread 0x000002383022f8a0 redefined class name=edu.uwm.cs351.Money, count=1

Internal exceptions (5 events):
Event: 1.077 Thread 0x0000023816b27fe0 Exception <a 'java/lang/NoSuchMethodError'{0x00000000897bc9f8}: 'java.lang.Object java.lang.invoke.DirectMethodHandle$Holder.invokeStaticInit(java.lang.Object)'> (0x00000000897bc9f8) 
thrown [s\src\hotspot\share\interpreter\linkResolver.cpp, line 759]
Event: 1.088 Thread 0x0000023816b27fe0 Exception <a 'java/lang/NoSuchMethodError'{0x00000000897e44c0}: 'void java.lang.invoke.DirectMethodHandle$Holder.invokeStatic(java.lang.Object, java.lang.Object)'> (0x00000000897e44c0) 
thrown [s\src\hotspot\share\interpreter\linkResolver.cpp, line 759]
Event: 1.231 Thread 0x0000023816b27fe0 Exception <a 'java/lang/NoSuchMethodError'{0x0000000089452e98}: 'java.lang.Object java.lang.invoke.DirectMethodHandle$Holder.invokeInterface(java.lang.Object, java.lang.Object)'> (0x0000000089452e98) 
thrown [s\src\hotspot\share\interpreter\linkResolver.cpp, line 759]
Event: 1.232 Thread 0x0000023816b27fe0 Exception <a 'java/lang/IncompatibleClassChangeError'{0x0000000089456690}: Found class java.lang.Object, but interface was expected> (0x0000000089456690) 
thrown [s\src\hotspot\share\interpreter\linkResolver.cpp, line 826]
Event: 1.275 Thread 0x0000023816b27fe0 Exception <a 'java/lang/reflect/InvocationTargetException'{0x000000008931a830}> (0x000000008931a830) 
thrown [s\src\hotspot\share\runtime\reflection.cpp, line 1121]

VM Operations (20 events):
Event: 284.371 Executing VM operation: get/set locals
Event: 284.371 Executing VM operation: get/set locals done
Event: 284.371 Executing VM operation: get/set locals
Event: 284.371 Executing VM operation: get/set locals done
Event: 350.130 Executing VM operation: get/set locals
Event: 350.130 Executing VM operation: get/set locals done
Event: 592.754 Executing VM operation: get/set locals
Event: 592.754 Executing VM operation: get/set locals done
Event: 629.280 Executing VM operation: ChangeSingleStep
Event: 629.280 Executing VM operation: ChangeSingleStep done
Event: 629.280 Executing VM operation: ChangeSingleStep
Event: 629.280 Executing VM operation: ChangeSingleStep done
Event: 629.285 Executing VM operation: RedefineClasses
Event: 629.292 Executing VM operation: RedefineClasses done
Event: 629.308 Executing VM operation: ChangeSingleStep
Event: 629.308 Executing VM operation: ChangeSingleStep done
Event: 629.308 Executing VM operation: get/set locals
Event: 629.308 Executing VM operation: get/set locals done
Event: 629.310 Executing VM operation: ChangeSingleStep
Event: 629.310 Executing VM operation: ChangeSingleStep done

Events (20 events):
Event: 1.249 loading class java/text/MessageFormat$Field
Event: 1.249 loading class java/text/Format$Field
Event: 1.249 loading class java/text/AttributedCharacterIterator$Attribute
Event: 1.249 loading class java/text/AttributedCharacterIterator$Attribute done
Event: 1.249 loading class java/text/Format$Field done
Event: 1.249 loading class java/text/MessageFormat$Field done
Event: 1.257 loading class sun/nio/ch/IOStatus
Event: 1.258 loading class sun/nio/ch/IOStatus done
Event: 1.277 loading class java/lang/Throwable$WrappedPrintWriter
Event: 1.277 loading class java/lang/Throwable$PrintStreamOrWriter
Event: 1.277 loading class java/lang/Throwable$PrintStreamOrWriter done
Event: 1.277 loading class java/lang/Throwable$WrappedPrintWriter done
Event: 1.278 loading class java/lang/StackTraceElement$HashedModules
Event: 1.278 loading class java/lang/StackTraceElement$HashedModules done
Event: 6.307 Thread 0x00000238315a9a30 Thread exited: 0x00000238315a9a30
Event: 625.413 loading class java/util/IdentityHashMap$KeyIterator
Event: 625.413 loading class java/util/IdentityHashMap$IdentityHashMapIterator
Event: 625.414 loading class java/util/IdentityHashMap$IdentityHashMapIterator done
Event: 625.414 loading class java/util/IdentityHashMap$KeyIterator done
Event: 625.414 Thread 0x0000023830c40960 Thread exited: 0x0000023830c40960


Dynamic libraries:
0x00007ff7d7260000 - 0x00007ff7d726e000 	C:\Users\andyl\.p2\pool\plugins\org.eclipse.justj.openjdk.hotspot.jre.full.win32.x86_64_17.0.4.v20220805-1047\jre\bin\javaw.exe
0x00007ff9042a0000 - 0x00007ff9044a9000 	C:\WINDOWS\SYSTEM32\ntdll.dll
0x00007ff903210000 - 0x00007ff9032ce000 	C:\WINDOWS\System32\KERNEL32.DLL
0x00007ff901930000 - 0x00007ff901cab000 	C:\WINDOWS\System32\KERNELBASE.dll
0x00007ff901cb0000 - 0x00007ff901dc1000 	C:\WINDOWS\System32\ucrtbase.dll
0x00007ff8e33b0000 - 0x00007ff8e33c9000 	C:\Users\andyl\.p2\pool\plugins\org.eclipse.justj.openjdk.hotspot.jre.full.win32.x86_64_17.0.4.v20220805-1047\jre\bin\VCRUNTIME140.dll
0x00007ff8fc540000 - 0x00007ff8fc558000 	C:\Users\andyl\.p2\pool\plugins\org.eclipse.justj.openjdk.hotspot.jre.full.win32.x86_64_17.0.4.v20220805-1047\jre\bin\jli.dll
0x00007ff9034c0000 - 0x00007ff90366d000 	C:\WINDOWS\System32\USER32.dll
0x00007ff901860000 - 0x00007ff901886000 	C:\WINDOWS\System32\win32u.dll
0x00007ff8ec3a0000 - 0x00007ff8ec645000 	C:\WINDOWS\WinSxS\amd64_microsoft.windows.common-controls_6595b64144ccf1df_6.0.22000.120_none_9d947278b86cc467\COMCTL32.dll
0x00007ff9038a0000 - 0x00007ff9038c9000 	C:\WINDOWS\System32\GDI32.dll
0x00007ff901e90000 - 0x00007ff901fa8000 	C:\WINDOWS\System32\gdi32full.dll
0x00007ff904070000 - 0x00007ff904113000 	C:\WINDOWS\System32\msvcrt.dll
0x00007ff901890000 - 0x00007ff90192d000 	C:\WINDOWS\System32\msvcp_win.dll
0x00007ff9030a0000 - 0x00007ff9030d2000 	C:\WINDOWS\System32\IMM32.DLL
0x00007ff8fc500000 - 0x00007ff8fc50c000 	C:\Users\andyl\.p2\pool\plugins\org.eclipse.justj.openjdk.hotspot.jre.full.win32.x86_64_17.0.4.v20220805-1047\jre\bin\vcruntime140_1.dll
0x00007ff8e31f0000 - 0x00007ff8e3281000 	C:\Users\andyl\.p2\pool\plugins\org.eclipse.justj.openjdk.hotspot.jre.full.win32.x86_64_17.0.4.v20220805-1047\jre\bin\msvcp140.dll
0x00007ff877680000 - 0x00007ff8782c6000 	C:\Users\andyl\.p2\pool\plugins\org.eclipse.justj.openjdk.hotspot.jre.full.win32.x86_64_17.0.4.v20220805-1047\jre\bin\server\jvm.dll
0x00007ff9039b0000 - 0x00007ff903a5e000 	C:\WINDOWS\System32\ADVAPI32.dll
0x00007ff902a60000 - 0x00007ff902afe000 	C:\WINDOWS\System32\sechost.dll
0x00007ff904120000 - 0x00007ff904240000 	C:\WINDOWS\System32\RPCRT4.dll
0x00007ff904250000 - 0x00007ff904258000 	C:\WINDOWS\System32\PSAPI.DLL
0x00007ff8fc570000 - 0x00007ff8fc579000 	C:\WINDOWS\SYSTEM32\WSOCK32.dll
0x00007ff8fc8d0000 - 0x00007ff8fc903000 	C:\WINDOWS\SYSTEM32\WINMM.dll
0x00007ff902c30000 - 0x00007ff902c9f000 	C:\WINDOWS\System32\WS2_32.dll
0x00007ff8fccc0000 - 0x00007ff8fccca000 	C:\WINDOWS\SYSTEM32\VERSION.dll
0x00007ff9007f0000 - 0x00007ff900808000 	C:\WINDOWS\SYSTEM32\kernel.appcore.dll
0x00007ff8fb780000 - 0x00007ff8fb78a000 	C:\Users\andyl\.p2\pool\plugins\org.eclipse.justj.openjdk.hotspot.jre.full.win32.x86_64_17.0.4.v20220805-1047\jre\bin\jimage.dll
0x00007ff8ff3e0000 - 0x00007ff8ff601000 	C:\WINDOWS\SYSTEM32\DBGHELP.DLL
0x00007ff8fae70000 - 0x00007ff8faea1000 	C:\WINDOWS\SYSTEM32\dbgcore.DLL
0x00007ff9017e0000 - 0x00007ff90185f000 	C:\WINDOWS\System32\bcryptPrimitives.dll
0x00007ff8e3370000 - 0x00007ff8e33ab000 	C:\Users\andyl\.p2\pool\plugins\org.eclipse.justj.openjdk.hotspot.jre.full.win32.x86_64_17.0.4.v20220805-1047\jre\bin\jdwp.dll
0x00007ff8fb760000 - 0x00007ff8fb76e000 	C:\Users\andyl\.p2\pool\plugins\org.eclipse.justj.openjdk.hotspot.jre.full.win32.x86_64_17.0.4.v20220805-1047\jre\bin\instrument.dll
0x00007ff8fb6e0000 - 0x00007ff8fb705000 	C:\Users\andyl\.p2\pool\plugins\org.eclipse.justj.openjdk.hotspot.jre.full.win32.x86_64_17.0.4.v20220805-1047\jre\bin\java.dll
0x00007ff8fb680000 - 0x00007ff8fb698000 	C:\Users\andyl\.p2\pool\plugins\org.eclipse.justj.openjdk.hotspot.jre.full.win32.x86_64_17.0.4.v20220805-1047\jre\bin\zip.dll
0x00007ff9022a0000 - 0x00007ff902a57000 	C:\WINDOWS\System32\SHELL32.dll
0x00007ff8ff860000 - 0x00007ff9000c5000 	C:\WINDOWS\SYSTEM32\windows.storage.dll
0x00007ff902cc0000 - 0x00007ff903038000 	C:\WINDOWS\System32\combase.dll
0x00007ff8ff6f0000 - 0x00007ff8ff856000 	C:\WINDOWS\SYSTEM32\wintypes.dll
0x00007ff9021b0000 - 0x00007ff90229a000 	C:\WINDOWS\System32\SHCORE.dll
0x00007ff9033c0000 - 0x00007ff90341d000 	C:\WINDOWS\System32\shlwapi.dll
0x00007ff9016a0000 - 0x00007ff9016c1000 	C:\WINDOWS\SYSTEM32\profapi.dll
0x00007ff8efef0000 - 0x00007ff8efefc000 	C:\Users\andyl\.p2\pool\plugins\org.eclipse.justj.openjdk.hotspot.jre.full.win32.x86_64_17.0.4.v20220805-1047\jre\bin\dt_socket.dll
0x00007ff9003b0000 - 0x00007ff9003dd000 	C:\WINDOWS\SYSTEM32\IPHLPAPI.DLL
0x00007ff900c90000 - 0x00007ff900cf7000 	C:\WINDOWS\system32\mswsock.dll
0x00007ff9003e0000 - 0x00007ff9004c8000 	C:\WINDOWS\SYSTEM32\DNSAPI.dll
0x00007ff902c20000 - 0x00007ff902c29000 	C:\WINDOWS\System32\NSI.dll
0x00007ff8f9af0000 - 0x00007ff8f9afa000 	C:\Windows\System32\rasadhlp.dll
0x00007ff8fa5f0000 - 0x00007ff8fa671000 	C:\WINDOWS\System32\fwpuclnt.dll
0x00007ff8fa450000 - 0x00007ff8fa469000 	C:\Users\andyl\.p2\pool\plugins\org.eclipse.justj.openjdk.hotspot.jre.full.win32.x86_64_17.0.4.v20220805-1047\jre\bin\net.dll
0x00007ff8fb8d0000 - 0x00007ff8fb9e4000 	C:\WINDOWS\SYSTEM32\WINHTTP.dll
0x00007ff8fa230000 - 0x00007ff8fa245000 	C:\Users\andyl\.p2\pool\plugins\org.eclipse.justj.openjdk.hotspot.jre.full.win32.x86_64_17.0.4.v20220805-1047\jre\bin\nio.dll
0x00007ff8fb670000 - 0x00007ff8fb680000 	C:\Users\andyl\.p2\pool\plugins\org.eclipse.justj.openjdk.hotspot.jre.full.win32.x86_64_17.0.4.v20220805-1047\jre\bin\verify.dll
0x00007ff8fc100000 - 0x00007ff8fc119000 	C:\WINDOWS\SYSTEM32\dhcpcsvc6.DLL
0x00007ff8fc8b0000 - 0x00007ff8fc8ce000 	C:\WINDOWS\SYSTEM32\dhcpcsvc.DLL

dbghelp: loaded successfully - version: 4.0.5 - missing functions: none
symbol engine: initialized successfully - sym options: 0x614 - pdb path: .;C:\Users\andyl\.p2\pool\plugins\org.eclipse.justj.openjdk.hotspot.jre.full.win32.x86_64_17.0.4.v20220805-1047\jre\bin;C:\WINDOWS\SYSTEM32;C:\WINDOWS\WinSxS\amd64_microsoft.windows.common-controls_6595b64144ccf1df_6.0.22000.120_none_9d947278b86cc467;C:\Users\andyl\.p2\pool\plugins\org.eclipse.justj.openjdk.hotspot.jre.full.win32.x86_64_17.0.4.v20220805-1047\jre\bin\server

VM Arguments:
jvm_args: -XX:+ShowCodeDetailsInExceptionMessages -agentlib:jdwp=transport=dt_socket,suspend=y,address=localhost:63765 -ea -javaagent:C:\Users\andyl\eclipse\java-2022-06\eclipse\configuration\org.eclipse.osgi\215\0\.cp\lib\javaagent-shaded.jar -Dfile.encoding=UTF-8 
java_command: org.eclipse.jdt.internal.junit.runner.RemoteTestRunner -version 3 -port 63764 -testLoaderClass org.eclipse.jdt.internal.junit.runner.junit3.JUnit3TestLoader -loaderpluginname org.eclipse.jdt.junit.runtime -classNames TestMoney
java_class_path (initial): C:\Users\andyl\git\homework-1-AndrewAlien\bin;C:\Users\andyl\git\homework-1-AndrewAlien\lib\homework1.jar;C:\Users\andyl\.p2\pool\plugins\org.junit_4.13.2.v20211018-1956.jar;C:\Users\andyl\eclipse\java-2022-06\eclipse\configuration\org.eclipse.osgi\212\0\.cp
Launcher Type: SUN_STANDARD

[Global flags]
     intx CICompilerCount                          = 3                                         {product} {ergonomic}
     uint ConcGCThreads                            = 1                                         {product} {ergonomic}
     uint G1ConcRefinementThreads                  = 4                                         {product} {ergonomic}
   size_t G1HeapRegionSize                         = 1048576                                   {product} {ergonomic}
    uintx GCDrainStackTargetSize                   = 64                                        {product} {ergonomic}
   size_t InitialHeapSize                          = 134217728                                 {product} {ergonomic}
   size_t MarkStackSize                            = 4194304                                   {product} {ergonomic}
   size_t MaxHeapSize                              = 2116026368                                {product} {ergonomic}
   size_t MaxNewSize                               = 1268776960                                {product} {ergonomic}
   size_t MinHeapDeltaBytes                        = 1048576                                   {product} {ergonomic}
   size_t MinHeapSize                              = 8388608                                   {product} {ergonomic}
    uintx NonNMethodCodeHeapSize                   = 5832780                                {pd product} {ergonomic}
    uintx NonProfiledCodeHeapSize                  = 122912730                              {pd product} {ergonomic}
    uintx ProfiledCodeHeapSize                     = 122912730                              {pd product} {ergonomic}
    uintx ReservedCodeCacheSize                    = 251658240                              {pd product} {ergonomic}
     bool SegmentedCodeCache                       = true                                      {product} {ergonomic}
     bool ShowCodeDetailsInExceptionMessages       = true                                   {manageable} {command line}
   size_t SoftMaxHeapSize                          = 2116026368                             {manageable} {ergonomic}
     bool UseCompressedClassPointers               = true                           {product lp64_product} {ergonomic}
     bool UseCompressedOops                        = true                           {product lp64_product} {ergonomic}
     bool UseG1GC                                  = true                                      {product} {ergonomic}
     bool UseLargePagesIndividualAllocation        = false                                  {pd product} {ergonomic}

Logging:
Log output configuration:
 #0: stdout all=warning uptime,level,tags
 #1: stderr all=off uptime,level,tags

Environment Variables:
PATH=C:\Users\andyl\.p2\pool\plugins\org.eclipse.justj.openjdk.hotspot.jre.full.win32.x86_64_17.0.4.v20220805-1047\jre\bin;C:/Users/andyl/.p2/pool/plugins/org.eclipse.justj.openjdk.hotspot.jre.full.win32.x86_64_17.0.4.v20220805-1047/jre/bin/server;C:/Users/andyl/.p2/pool/plugins/org.eclipse.justj.openjdk.hotspot.jre.full.win32.x86_64_17.0.4.v20220805-1047/jre/bin;C:\WINDOWS\system32;C:\WINDOWS;C:\WINDOWS\System32\Wbem;C:\WINDOWS\System32\WindowsPowerShell\v1.0\;C:\WINDOWS\System32\OpenSSH\;C:\Program Files (x86)\Intel\Intel(R) Management Engine Components\DAL;C:\Program Files\Intel\Intel(R) Management Engine Components\DAL;C:\Program Files\Microsoft SQL Server\130\Tools\Binn\;C:\Program Files\Microsoft SQL Server\Client SDK\ODBC\170\Tools\Binn\;C:\Program Files\dotnet\;C:\Program Files\PuTTY\;C:\Users\andyl\AppData\Local\Microsoft\WindowsApps;C:\Users\andyl\.dotnet\tools;;C:\Users\andyl\OneDrive\Desktop;
USERNAME=andyl
OS=Windows_NT
PROCESSOR_IDENTIFIER=Intel64 Family 6 Model 142 Stepping 12, GenuineIntel
TMP=C:\Users\andyl\AppData\Local\Temp
TEMP=C:\Users\andyl\AppData\Local\Temp



---------------  S Y S T E M  ---------------

OS:
 Windows 11 , 64 bit Build 22000 (10.0.22000.1335)
OS uptime: 16 days 19:11 hours

CPU: total 4 (initial active 4) (2 cores per cpu, 2 threads per core) family 6 model 142 stepping 12 microcode 0xf0, cx8, cmov, fxsr, ht, mmx, 3dnowpref, sse, sse2, sse3, ssse3, sse4.1, sse4.2, popcnt, lzcnt, tsc, tscinvbit, avx, avx2, aes, erms, clmul, bmi1, bmi2, adx, fma, vzeroupper, clflush, clflushopt

Memory: 4k page, system-wide physical 8069M (664M free)
TotalPageFile size 16005M (AvailPageFile size 2168M)
current process WorkingSet (physical memory assigned to process): 54M, peak: 58M
current process commit charge ("private bytes"): 207M, peak: 209M

vm_info: OpenJDK 64-Bit Server VM (17.0.4+8) for windows-amd64 JRE (17.0.4+8), built on Jul 19 2022 16:05:16 by "temurin" with MS VC++ 16.7 (VS2019)

END.
